{"numTotalTestSuites":61,"numPassedTestSuites":61,"numFailedTestSuites":0,"numPendingTestSuites":0,"numTotalTests":232,"numPassedTests":196,"numFailedTests":36,"numPendingTests":0,"numTodoTests":0,"startTime":1763821028386,"success":false,"testResults":[{"assertionResults":[{"ancestorTitles":["","Header - REQ-F-A2-Signup-1"],"fullName":" Header - REQ-F-A2-Signup-1 nickname이 null일 때 \"회원가입\" 버튼 표시","status":"passed","title":"nickname이 null일 때 \"회원가입\" 버튼 표시","duration":76,"failureMessages":[]},{"ancestorTitles":["","Header - REQ-F-A2-Signup-1"],"fullName":" Header - REQ-F-A2-Signup-1 nickname이 존재할 때 \"회원가입\" 버튼 숨김","status":"passed","title":"nickname이 존재할 때 \"회원가입\" 버튼 숨김","duration":26,"failureMessages":[]},{"ancestorTitles":["","Header - REQ-F-A2-Signup-1"],"fullName":" Header - REQ-F-A2-Signup-1 \"회원가입\" 버튼 클릭 시 /signup으로 이동","status":"passed","title":"\"회원가입\" 버튼 클릭 시 /signup으로 이동","duration":31,"failureMessages":[]},{"ancestorTitles":["","Header - REQ-F-A2-Signup-1"],"fullName":" Header - REQ-F-A2-Signup-1 nickname loading 중에는 \"회원가입\" 버튼 숨김","status":"passed","title":"nickname loading 중에는 \"회원가입\" 버튼 숨김","duration":2,"failureMessages":[]},{"ancestorTitles":["","Header - REQ-F-A2-Signup-1"],"fullName":" Header - REQ-F-A2-Signup-1 헤더에 플랫폼 이름 표시","status":"passed","title":"헤더에 플랫폼 이름 표시","duration":6,"failureMessages":[]},{"ancestorTitles":["","Header - REQ-F-A2-Signup-1"],"fullName":" Header - REQ-F-A2-Signup-1 nickname이 빈 문자열일 때도 \"회원가입\" 버튼 표시","status":"passed","title":"nickname이 빈 문자열일 때도 \"회원가입\" 버튼 표시","duration":22,"failureMessages":[]},{"ancestorTitles":["","Header - REQ-F-A2-Profile-Access-1"],"fullName":" Header - REQ-F-A2-Profile-Access-1 nickname이 존재할 때 헤더에 닉네임 표시","status":"passed","title":"nickname이 존재할 때 헤더에 닉네임 표시","duration":4,"failureMessages":[]},{"ancestorTitles":["","Header - REQ-F-A2-Profile-Access-1"],"fullName":" Header - REQ-F-A2-Profile-Access-1 nickname 표시 시 \"회원가입\" 버튼 숨김 (상호 배타성)","status":"passed","title":"nickname 표시 시 \"회원가입\" 버튼 숨김 (상호 배타성)","duration":26,"failureMessages":[]},{"ancestorTitles":["","Header - REQ-F-A2-Profile-Access-1"],"fullName":" Header - REQ-F-A2-Profile-Access-1 nickname이 null일 때 닉네임 표시 안 함","status":"passed","title":"nickname이 null일 때 닉네임 표시 안 함","duration":15,"failureMessages":[]},{"ancestorTitles":["","Header - REQ-F-A2-Profile-Access-1"],"fullName":" Header - REQ-F-A2-Profile-Access-1 nickname 동적 업데이트","status":"passed","title":"nickname 동적 업데이트","duration":6,"failureMessages":[]},{"ancestorTitles":["","Header - REQ-F-A2-Profile-Access-1"],"fullName":" Header - REQ-F-A2-Profile-Access-1 nickname 영역에 적절한 aria-label 제공","status":"passed","title":"nickname 영역에 적절한 aria-label 제공","duration":2,"failureMessages":[]},{"ancestorTitles":["","Header - REQ-F-A2-Profile-Access-1"],"fullName":" Header - REQ-F-A2-Profile-Access-1 특수문자 포함 닉네임 표시","status":"passed","title":"특수문자 포함 닉네임 표시","duration":3,"failureMessages":[]},{"ancestorTitles":["","Header - REQ-F-A2-Profile-Access-1"],"fullName":" Header - REQ-F-A2-Profile-Access-1 긴 닉네임 표시","status":"passed","title":"긴 닉네임 표시","duration":2,"failureMessages":[]},{"ancestorTitles":["","Header - REQ-F-A2-Profile-Access-1"],"fullName":" Header - REQ-F-A2-Profile-Access-1 loading 중에는 nickname 표시 안 함","status":"passed","title":"loading 중에는 nickname 표시 안 함","duration":2,"failureMessages":[]},{"ancestorTitles":["","Header - REQ-F-A2-Profile-Access-2"],"fullName":" Header - REQ-F-A2-Profile-Access-2 닉네임이 클릭 가능한 button으로 렌더링된다","status":"passed","title":"닉네임이 클릭 가능한 button으로 렌더링된다","duration":16,"failureMessages":[]},{"ancestorTitles":["","Header - REQ-F-A2-Profile-Access-2"],"fullName":" Header - REQ-F-A2-Profile-Access-2 닉네임 클릭 시 이벤트 핸들러가 호출된다","status":"passed","title":"닉네임 클릭 시 이벤트 핸들러가 호출된다","duration":39,"failureMessages":[]},{"ancestorTitles":["","Header - REQ-F-A2-Profile-Access-2"],"fullName":" Header - REQ-F-A2-Profile-Access-2 닉네임 버튼에 적절한 aria-label 제공","status":"passed","title":"닉네임 버튼에 적절한 aria-label 제공","duration":13,"failureMessages":[]},{"ancestorTitles":["","Header - REQ-F-A2-Profile-Access-2"],"fullName":" Header - REQ-F-A2-Profile-Access-2 nickname이 null일 때 닉네임 버튼이 렌더링되지 않는다","status":"passed","title":"nickname이 null일 때 닉네임 버튼이 렌더링되지 않는다","duration":13,"failureMessages":[]},{"ancestorTitles":["","Header - REQ-F-A2-Profile-Access-3-6 (Dropdown)"],"fullName":" Header - REQ-F-A2-Profile-Access-3-6 (Dropdown) 닉네임 클릭 시 드롭다운 메뉴가 표시된다","status":"passed","title":"닉네임 클릭 시 드롭다운 메뉴가 표시된다","duration":32,"failureMessages":[]},{"ancestorTitles":["","Header - REQ-F-A2-Profile-Access-3-6 (Dropdown)"],"fullName":" Header - REQ-F-A2-Profile-Access-3-6 (Dropdown) 드롭다운 메뉴에 \"프로필 수정\" 항목이 표시된다","status":"passed","title":"드롭다운 메뉴에 \"프로필 수정\" 항목이 표시된다","duration":44,"failureMessages":[]},{"ancestorTitles":["","Header - REQ-F-A2-Profile-Access-3-6 (Dropdown)"],"fullName":" Header - REQ-F-A2-Profile-Access-3-6 (Dropdown) \"프로필 수정\" 클릭 시 /profile/edit로 이동한다","status":"failed","title":"\"프로필 수정\" 클릭 시 /profile/edit로 이동한다","duration":54,"failureMessages":["expected \"spy\" to be called with arguments: [ '/profile/edit' ]\n\nReceived: \n\n  1st spy call:\n\n  Array [\n    \"/profile/edit\",\n+   Object {\n+     \"state\": Object {\n+       \"returnTo\": \"/home\",\n+     },\n+   },\n  ]\n\n\nNumber of calls: 1\n"],"location":{"line":293,"column":26}},{"ancestorTitles":["","Header - REQ-F-A2-Profile-Access-3-6 (Dropdown)"],"fullName":" Header - REQ-F-A2-Profile-Access-3-6 (Dropdown) 드롭다운 외부 클릭 시 메뉴가 닫힌다","status":"passed","title":"드롭다운 외부 클릭 시 메뉴가 닫힌다","duration":39,"failureMessages":[]},{"ancestorTitles":["","Header - REQ-F-A2-Profile-Access-3-6 (Dropdown)"],"fullName":" Header - REQ-F-A2-Profile-Access-3-6 (Dropdown) 닉네임 재클릭 시 드롭다운이 닫힌다 (토글)","status":"passed","title":"닉네임 재클릭 시 드롭다운이 닫힌다 (토글)","duration":38,"failureMessages":[]},{"ancestorTitles":["","Header - REQ-F-A2-Profile-Access-3-6 (Dropdown)"],"fullName":" Header - REQ-F-A2-Profile-Access-3-6 (Dropdown) 초기 상태에서는 드롭다운이 표시되지 않는다","status":"passed","title":"초기 상태에서는 드롭다운이 표시되지 않는다","duration":2,"failureMessages":[]}],"startTime":1763821035037,"endTime":1763821035550,"status":"failed","message":"","name":"/workspace/src/frontend/src/components/__tests__/Header.test.tsx"},{"assertionResults":[{"ancestorTitles":["","useNicknameCheck"],"fullName":" useNicknameCheck initial state is correct","status":"passed","title":"initial state is correct","duration":12,"failureMessages":[]},{"ancestorTitles":["","useNicknameCheck"],"fullName":" useNicknameCheck setNickname updates nickname value","status":"passed","title":"setNickname updates nickname value","duration":2,"failureMessages":[]},{"ancestorTitles":["","useNicknameCheck"],"fullName":" useNicknameCheck checkNickname validates length (too short)","status":"passed","title":"checkNickname validates length (too short)","duration":2,"failureMessages":[]},{"ancestorTitles":["","useNicknameCheck"],"fullName":" useNicknameCheck checkNickname validates invalid characters","status":"passed","title":"checkNickname validates invalid characters","duration":2,"failureMessages":[]},{"ancestorTitles":["","useNicknameCheck"],"fullName":" useNicknameCheck checkNickname marks nickname as available when not taken","status":"passed","title":"checkNickname marks nickname as available when not taken","duration":3,"failureMessages":[]},{"ancestorTitles":["","useNicknameCheck"],"fullName":" useNicknameCheck checkNickname updates status to taken when nickname exists","status":"failed","title":"checkNickname updates status to taken when nickname exists","duration":7,"failureMessages":["expected 'error' to be 'taken' // Object.is equality"],"location":{"line":100,"column":40}},{"ancestorTitles":["","useNicknameCheck"],"fullName":" useNicknameCheck check result displays within 1 second","status":"passed","title":"check result displays within 1 second","duration":2,"failureMessages":[]},{"ancestorTitles":["","useNicknameCheck"],"fullName":" useNicknameCheck checkNickname handles API errors gracefully","status":"passed","title":"checkNickname handles API errors gracefully","duration":2,"failureMessages":[]}],"startTime":1763821043593,"endTime":1763821043626,"status":"failed","message":"","name":"/workspace/src/frontend/src/hooks/__tests__/useNicknameCheck.test.ts"},{"assertionResults":[{"ancestorTitles":["","HomePage"],"fullName":" HomePage should redirect to login if no token is present","status":"passed","title":"should redirect to login if no token is present","duration":13,"failureMessages":[]},{"ancestorTitles":["","HomePage"],"fullName":" HomePage should display welcome message when authenticated","status":"failed","title":"should display welcome message when authenticated","duration":51,"failureMessages":["Unable to find an element with the text: /AI 기반 학습 플랫폼/i. This could be because the text is broken up by multiple elements. In this case, you can provide a function for your text matcher to make your matcher more flexible.\n\nIgnored nodes: comments, script, style\n\u001b[36m<body>\u001b[39m\n  \u001b[36m<div>\u001b[39m\n    \u001b[36m<header\u001b[39m\n      \u001b[33mclass\u001b[39m=\u001b[32m\"app-header\"\u001b[39m\n    \u001b[36m>\u001b[39m\n      \u001b[36m<div\u001b[39m\n        \u001b[33mclass\u001b[39m=\u001b[32m\"header-container\"\u001b[39m\n      \u001b[36m>\u001b[39m\n        \u001b[36m<div\u001b[39m\n          \u001b[33mclass\u001b[39m=\u001b[32m\"header-left\"\u001b[39m\n        \u001b[36m>\u001b[39m\n          \u001b[36m<h1\u001b[39m\n            \u001b[33mclass\u001b[39m=\u001b[32m\"header-logo\"\u001b[39m\n          \u001b[36m>\u001b[39m\n            \u001b[0mS.LSI Learning Platform\u001b[0m\n          \u001b[36m</h1>\u001b[39m\n        \u001b[36m</div>\u001b[39m\n        \u001b[36m<div\u001b[39m\n          \u001b[33mclass\u001b[39m=\u001b[32m\"header-right\"\u001b[39m\n        \u001b[36m>\u001b[39m\n          \u001b[36m<button\u001b[39m\n            \u001b[33maria-label\u001b[39m=\u001b[32m\"회원가입 페이지로 이동\"\u001b[39m\n            \u001b[33mclass\u001b[39m=\u001b[32m\"signup-button\"\u001b[39m\n          \u001b[36m>\u001b[39m\n            \u001b[36m<svg\u001b[39m\n              \u001b[33maria-hidden\u001b[39m=\u001b[32m\"true\"\u001b[39m\n              \u001b[33mclass\u001b[39m=\u001b[32m\"button-icon\"\u001b[39m\n              \u001b[33mdata-slot\u001b[39m=\u001b[32m\"icon\"\u001b[39m\n              \u001b[33mfill\u001b[39m=\u001b[32m\"none\"\u001b[39m\n              \u001b[33mstroke\u001b[39m=\u001b[32m\"currentColor\"\u001b[39m\n              \u001b[33mstroke-width\u001b[39m=\u001b[32m\"1.5\"\u001b[39m\n              \u001b[33mviewBox\u001b[39m=\u001b[32m\"0 0 24 24\"\u001b[39m\n              \u001b[33mxmlns\u001b[39m=\u001b[32m\"http://www.w3.org/2000/svg\"\u001b[39m\n            \u001b[36m>\u001b[39m\n              \u001b[36m<path\u001b[39m\n                \u001b[33md\u001b[39m=\u001b[32m\"M18 7.5v3m0 0v3m0-3h3m-3 0h-3m-2.25-4.125a3.375 3.375 0 1 1-6.75 0 3.375 3.375 0 0 1 6.75 0ZM3 19.235v-.11a6.375 6.375 0 0 1 12.75 0v.109A12.318 12.318 0 0 1 9.374 21c-2.331 0-4.512-.645-6.374-1.766Z\"\u001b[39m\n                \u001b[33mstroke-linecap\u001b[39m=\u001b[32m\"round\"\u001b[39m\n                \u001b[33mstroke-linejoin\u001b[39m=\u001b[32m\"round\"\u001b[39m\n              \u001b[36m/>\u001b[39m\n            \u001b[36m</svg>\u001b[39m\n            \u001b[0m회원가입\u001b[0m\n          \u001b[36m</button>\u001b[39m\n        \u001b[36m</div>\u001b[39m\n      \u001b[36m</div>\u001b[39m\n    \u001b[36m</header>\u001b[39m\n    \u001b[36m<main\u001b[39m\n      \u001b[33mclass\u001b[39m=\u001b[32m\"py-10 lg:py-14 home-page\"\u001b[39m\n    \u001b[36m>\u001b[39m\n      \u001b[36m<div\u001b[39m\n        \u001b[33mclass\u001b[39m=\u001b[32m\"max-w-6xl mx-auto px-4 sm:px-6 lg:px-8 space-y-10 lg:space-y-14 home-container\"\u001b[39m\n      \u001b[36m>\u001b[39m\n        \u001b[36m<div\u001b[39m\n          \u001b[33mclass\u001b[39m=\u001b[32m\"home-sections\"\u001b[39m\n        \u001b[36m>\u001b[39m\n          \u001b[36m<section\u001b[39m\n            \u001b[33mclass\u001b[39m=\u001b[32m\"home-section\"\u001b[39m\n          \u001b[36m>\u001b[39m\n            \u001b[36m<div\u001b[39m\n              \u001b[33mclass\u001b[39m=\u001b[32m\"home-content\"\u001b[39m\n            \u001b[36m>\u001b[39m\n              \u001b[36m<p\u001b[39m\n                \u001b[33mclass\u001b[39m=\u001b[32m\"home-label\"\u001b[39m\n              \u001b[36m>\u001b[39m\n                \u001b[0mTODAY'S LEVEL\u001b[0m\n              \u001b[36m</p>\u001b[39m\n              \u001b[36m<h1\u001b[39m\n                \u001b[33mclass\u001b[39m=\u001b[32m\"home-title\"\u001b[39m\n              \u001b[36m>\u001b[39m\n                \u001b[0m오늘 당신의 AI 역량은?\u001b[0m\n                \u001b[36m<br />\u001b[39m\n              \u001b[36m</h1>\u001b[39m\n              \u001b[36m<p\u001b[39m\n                \u001b[33mclass\u001b[39m=\u001b[32m\"home-description\"\u001b[39m\n              \u001b[36m>\u001b[39m\n                \u001b[0m슬아샘과 함께 개인 맞춤형 테스트로 당신의 실력을 객관적으로 측정해보세요.\u001b[0m\n              \u001b[36m</p>\u001b[39m\n              \u001b[36m<div\u001b[39m\n                \u001b[33mclass\u001b[39m=\u001b[32m\"level-button-group\"\u001b[39m\n              \u001b[36m>\u001b[39m\n                \u001b[36m<button\u001b[39m\n                  \u001b[33mclass\u001b[39m=\u001b[32m\"level-start-button\"\u001b[39m\n                \u001b[36m>\u001b[39m\n                  \u001b[36m<svg\u001b[39m\n                    \u001b[33maria-hidden\u001b[39m=\u001b[32m\"true\"\u001b[39m\n                    \u001b[33mclass\u001b[39m=\u001b[32m\"button-icon\"\u001b[39m\n                    \u001b[33mdata-slot\u001b[39m=\u001b[32m\"icon\"\u001b[39m\n                    \u001b[33mfill\u001b[39m=\u001b[32m\"none\"\u001b[39m\n                    \u001b[33mstroke\u001b[39m=\u001b[32m\"currentColor\"\u001b[39m\n                    \u001b[33mstroke-width\u001b[39m=\u001b[32m\"1.5\"\u001b[39m\n                    \u001b[33mviewBox\u001b[39m=\u001b[32m\"0 0 24 24\"\u001b[39m\n                    \u001b[33mxmlns\u001b[39m=\u001b[32m\"http://www.w3.org/2000/svg\"\u001b[39m\n                  \u001b[36m>\u001b[39m\n                    \u001b[36m<path\u001b[39m\n                      \u001b[33md\u001b[39m=\u001b[32m\"M5.25 5.653c0-.856.917-1.398 1.667-.986l11.54 6.347a1.125 1.125 0 0 1 0 1.972l-11.54 6.347a1.125 1.125 0 0 1-1.667-.986V5.653Z\"\u001b[39m\n                      \u001b[33mstroke-linecap\u001b[39m=\u001b[32m\"round\"\u001b[39m\n                      \u001b[33mstroke-linejoin\u001b[39m=\u001b[32m\"round\"\u001b[39m\n                    \u001b[36m/>\u001b[39m\n                  \u001b[36m</svg>\u001b[39m\n                  \u001b[0m레벨테스트 시작하기\u001b[0m\n                \u001b[36m</button>\u001b[39m\n              \u001b[36m</div>\u001b[39m\n            \u001b[36m</div>\u001b[39m\n            \u001b[36m<div\u001b[39m\n              \u001b[33mclass\u001b[39m=\u001b[32m\"info-card\"\u001b[39m\n            \u001b[36m>\u001b[39m\n              \u001b[36m<div\u001b[39m\n                \u001b[33mstyle\u001b[39m=\u001b[32m\"margin-bottom: 1.5rem;\"\u001b[39m\n              \u001b[36m>\u001b[39m\n                \u001b[36m<div\u001b[39m\n                  \u001b[33mclass\u001b[39m=\u001b[32m\"level-card-header\"\u001b[39m\n                \u001b[36m>\u001b[39m\n                  \u001b[36m<p\u001b[39m\n                    \u001b[33mclass\u001b[39m=\u001b[32m\"info-card-title\"\u001b[39m\n                  \u001b[36m>\u001b[39m\n                    \u001b[0m나의 현재 레벨\u001b[0m\n                  \u001b[36m</p>\u001b[39m\n                  \u001b[36m<span\u001b[39m\n                    \u001b[33mclass\u001b[39m=\u001b[32m\"date-badge\"\u001b[39m\n                  \u001b[36m>\u001b[39m\n                    \u001b[0m2025-01-15\u001b[0m\n                    \u001b[0m 기준\u001b[0m\n                  \u001b[36m</span>\u001b[39m\n                \u001b[36m</div>\u001b[39m\n                \u001b[36m<div\u001b[39m\n                  \u001b[33mclass\u001b[39m=\u001b[32m\"home-grade-badge grade-Inter-Advanced\"\u001b[39m\n                \u001b[36m>\u001b[39m\n                  \u001b[36m<svg\u001b[39m\n                    \u001b[33maria-hidden\u001b[39m=\u001b[32m\"true\"\u001b[39m\n                    \u001b[33mclass\u001b[39m=\u001b[32m\"home-grade-icon\"\u001b[39m\n                    \u001b[33mdata-slot\u001b[39m=\u001b[32m\"icon\"\u001b[39m\n                    \u001b[33mfill\u001b[39m=\u001b[32m\"currentColor\"\u001b[39m\n                    \u001b[33mviewBox\u001b[39m=\u001b[32m\"0 0 24 24\"\u001b[39m\n                    \u001b[33mxmlns\u001b[39m=\u001b[32m\"http://www.w3.org/2000/svg\"\u001b[39m\n                  \u001b[36m>\u001b[39m\n                    \u001b[36m<path\u001b[39m\n                      \u001b[33mclip-rule\u001b[39m=\u001b[32m\"evenodd\"\u001b[39m\n                      \u001b[33md\u001b[39m=\u001b[32m\"M5.166 2.621v.858c-1.035.148-2.059.33-3.071.543a.75.75 0 0 0-.584.859 6.753 6.753 0 0 0 6.138 5.6 6.73 6.73 0 0 0 2.743 1.346A6.707 6.707 0 0 1 9.279 15H8.54c-1.036 0-1.875.84-1.875 1.875V19.5h-.75a2.25 2.25 0 0 0-2.25 2.25c0 .414.336.75.75.75h15a.75.75 0 0 0 .75-.75 2.25 2.25 0 0 0-2.25-2.25h-.75v-2.625c0-1.036-.84-1.875-1.875-1.875h-.739a6.706 6.706 0 0 1-1.112-3.173 6.73 6.73 0 0 0 2.743-1.347 6.753 6.753 0 0 0 6.139-5.6.75.75 0 0 0-.585-.858 47.077 47.077 0 0 0-3.07-.543V2.62a.75.75 0 0 0-.658-.744 49.22 49.22 0 0 0-6.093-.377c-2.063 0-4.096.128-6.093.377a.75.75 0 0 0-.657.744Zm0 2.629c0 1.196.312 2.32.857 3.294A5.266 5.266 0 0 1 3.16 5.337a45.6 45.6 0 0 1 2.006-.343v.256Zm13.5 0v-.256c.674.1 1.343.214 2.006.343a5.265 5.265 0 0 1-2.863 3.207 6.72 6.72 0 0 0 .857-3.294Z\"\u001b[39m\n                      \u001b[33mfill-rule\u001b[39m=\u001b[32m\"evenodd\"\u001b[39m\n                    \u001b[36m/>\u001b[39m\n                  \u001b[36m</svg>\u001b[39m\n                  \u001b[36m<div\u001b[39m\n                    \u001b[33mclass\u001b[39m=\u001b[32m\"home-grade-info\"\u001b[39m\n                  \u001b[36m>\u001b[39m\n                    \u001b[36m<p\u001b[39m\n                      \u001b[33mclass\u001b[39m=\u001b[32m\"home-grade-label\"\u001b[39m\n                    \u001b[36m>\u001b[39m\n                      \u001b[0m등급\u001b[0m\n                    \u001b[36m</p>\u001b[39m\n                    \u001b[36m<p\u001b[39m\n                      \u001b[33mclass\u001b[39m=\u001b[32m\"home-grade-value\"\u001b[39m\n                    \u001b[36m>\u001b[39m\n                      \u001b[0m중급\u001b[0m\n                    \u001b[36m</p>\u001b[39m\n                    \u001b[36m<p\u001b[39m\n                      \u001b[33mclass\u001b[39m=\u001b[32m\"home-grade-english\"\u001b[39m\n                    \u001b[36m>\u001b[39m\n                      \u001b[0mInter-Advanced\u001b[0m\n                    \u001b[36m</p>\u001b[39m\n                  \u001b[36m</div>\u001b[39m\n                \u001b[36m</div>\u001b[39m\n              \u001b[36m</div>\u001b[39m\n              \u001b[36m<div\u001b[39m\n                \u001b[33mstyle\u001b[39m=\u001b[32m\"border-top: 1px solid var(--border-card); padding-top: 1rem;\"\u001b[39m\n              \u001b[36m>\u001b[39m\n                \u001b[36m<p\u001b[39m\n                  \u001b[33mstyle\u001b[39m=\u001b[32m\"font-size: 0.875rem; color: var(--text-secondary);\"\u001b[39m\n                \u001b[36m>\u001b[39m\n                  \u001b[0m전체 \u001b[0m\n                  \u001b[36m<strong\u001b[39m\n                    \u001b[33mstyle\u001b[39m=\u001b[32m\"color: var(--text-primary);\"\u001b[39m\n                  \u001b[36m>\u001b[39m\n                    \u001b[0m1,234\u001b[0m\n                  \u001b[36m</strong>\u001b[39m\n                  \u001b[0m명 참여\u001b[0m\n                \u001b[36m</p>\u001b[39m\n              \u001b[36m</div>\u001b[39m\n            \u001b[36m</div>\u001b[39m\n          \u001b[36m</section>\u001b[39m\n        \u001b[36m</div>\u001b[39m\n      \u001b[36m</div>\u001b[39m\n    \u001b[36m</main>\u001b[39m\n  \u001b[36m</div>\u001b[39m\n\u001b[36m</body>\u001b[39m"],"location":{"line":37,"column":19}},{"ancestorTitles":["","HomePage"],"fullName":" HomePage should call API to check nickname when \"시작하기\" is clicked","status":"failed","title":"should call API to check nickname when \"시작하기\" is clicked","duration":1097,"failureMessages":["expected +0 to be 1 // Object.is equality\n\nIgnored nodes: comments, script, style\n\u001b[36m<html>\u001b[39m\n  \u001b[36m<head />\u001b[39m\n  \u001b[36m<body>\u001b[39m\n    \u001b[36m<div>\u001b[39m\n      \u001b[36m<header\u001b[39m\n        \u001b[33mclass\u001b[39m=\u001b[32m\"app-header\"\u001b[39m\n      \u001b[36m>\u001b[39m\n        \u001b[36m<div\u001b[39m\n          \u001b[33mclass\u001b[39m=\u001b[32m\"header-container\"\u001b[39m\n        \u001b[36m>\u001b[39m\n          \u001b[36m<div\u001b[39m\n            \u001b[33mclass\u001b[39m=\u001b[32m\"header-left\"\u001b[39m\n          \u001b[36m>\u001b[39m\n            \u001b[36m<h1\u001b[39m\n              \u001b[33mclass\u001b[39m=\u001b[32m\"header-logo\"\u001b[39m\n            \u001b[36m>\u001b[39m\n              \u001b[0mS.LSI Learning Platform\u001b[0m\n            \u001b[36m</h1>\u001b[39m\n          \u001b[36m</div>\u001b[39m\n          \u001b[36m<div\u001b[39m\n            \u001b[33mclass\u001b[39m=\u001b[32m\"header-right\"\u001b[39m\n          \u001b[36m>\u001b[39m\n            \u001b[36m<button\u001b[39m\n              \u001b[33maria-label\u001b[39m=\u001b[32m\"회원가입 페이지로 이동\"\u001b[39m\n              \u001b[33mclass\u001b[39m=\u001b[32m\"signup-button\"\u001b[39m\n            \u001b[36m>\u001b[39m\n              \u001b[36m<svg\u001b[39m\n                \u001b[33maria-hidden\u001b[39m=\u001b[32m\"true\"\u001b[39m\n                \u001b[33mclass\u001b[39m=\u001b[32m\"button-icon\"\u001b[39m\n                \u001b[33mdata-slot\u001b[39m=\u001b[32m\"icon\"\u001b[39m\n                \u001b[33mfill\u001b[39m=\u001b[32m\"none\"\u001b[39m\n                \u001b[33mstroke\u001b[39m=\u001b[32m\"currentColor\"\u001b[39m\n                \u001b[33mstroke-width\u001b[39m=\u001b[32m\"1.5\"\u001b[39m\n                \u001b[33mviewBox\u001b[39m=\u001b[32m\"0 0 24 24\"\u001b[39m\n                \u001b[33mxmlns\u001b[39m=\u001b[32m\"http://www.w3.org/2000/svg\"\u001b[39m\n              \u001b[36m>\u001b[39m\n                \u001b[36m<path\u001b[39m\n                  \u001b[33md\u001b[39m=\u001b[32m\"M18 7.5v3m0 0v3m0-3h3m-3 0h-3m-2.25-4.125a3.375 3.375 0 1 1-6.75 0 3.375 3.375 0 0 1 6.75 0ZM3 19.235v-.11a6.375 6.375 0 0 1 12.75 0v.109A12.318 12.318 0 0 1 9.374 21c-2.331 0-4.512-.645-6.374-1.766Z\"\u001b[39m\n                  \u001b[33mstroke-linecap\u001b[39m=\u001b[32m\"round\"\u001b[39m\n                  \u001b[33mstroke-linejoin\u001b[39m=\u001b[32m\"round\"\u001b[39m\n                \u001b[36m/>\u001b[39m\n              \u001b[36m</svg>\u001b[39m\n              \u001b[0m회원가입\u001b[0m\n            \u001b[36m</button>\u001b[39m\n          \u001b[36m</div>\u001b[39m\n        \u001b[36m</div>\u001b[39m\n      \u001b[36m</header>\u001b[39m\n      \u001b[36m<main\u001b[39m\n        \u001b[33mclass\u001b[39m=\u001b[32m\"py-10 lg:py-14 home-page\"\u001b[39m\n      \u001b[36m>\u001b[39m\n        \u001b[36m<div\u001b[39m\n          \u001b[33mclass\u001b[39m=\u001b[32m\"max-w-6xl mx-auto px-4 sm:px-6 lg:px-8 space-y-10 lg:space-y-14 home-container\"\u001b[39m\n        \u001b[36m>\u001b[39m\n          \u001b[36m<div\u001b[39m\n            \u001b[33mclass\u001b[39m=\u001b[32m\"home-sections\"\u001b[39m\n          \u001b[36m>\u001b[39m\n            \u001b[36m<section\u001b[39m\n              \u001b[33mclass\u001b[39m=\u001b[32m\"home-section\"\u001b[39m\n            \u001b[36m>\u001b[39m\n              \u001b[36m<div\u001b[39m\n                \u001b[33mclass\u001b[39m=\u001b[32m\"home-content\"\u001b[39m\n              \u001b[36m>\u001b[39m\n                \u001b[36m<p\u001b[39m\n                  \u001b[33mclass\u001b[39m=\u001b[32m\"home-label\"\u001b[39m\n                \u001b[36m>\u001b[39m\n                  \u001b[0mTODAY'S LEVEL\u001b[0m\n                \u001b[36m</p>\u001b[39m\n                \u001b[36m<h1\u001b[39m\n                  \u001b[33mclass\u001b[39m=\u001b[32m\"home-title\"\u001b[39m\n                \u001b[36m>\u001b[39m\n                  \u001b[0m오늘 당신의 AI 역량은?\u001b[0m\n                  \u001b[36m<br />\u001b[39m\n                \u001b[36m</h1>\u001b[39m\n                \u001b[36m<p\u001b[39m\n                  \u001b[33mclass\u001b[39m=\u001b[32m\"home-description\"\u001b[39m\n                \u001b[36m>\u001b[39m\n                  \u001b[0m슬아샘과 함께 개인 맞춤형 테스트로 당신의 실력을 객관적으로 측정해보세요.\u001b[0m\n                \u001b[36m</p>\u001b[39m\n                \u001b[36m<div\u001b[39m\n                  \u001b[33mclass\u001b[39m=\u001b[32m\"level-button-group\"\u001b[39m\n                \u001b[36m>\u001b[39m\n                  \u001b[36m<button\u001b[39m\n                    \u001b[33mclass\u001b[39m=\u001b[32m\"level-start-button\"\u001b[39m\n                  \u001b[36m>\u001b[39m\n                    \u001b[36m<svg\u001b[39m\n                      \u001b[33maria-hidden\u001b[39m=\u001b[32m\"true\"\u001b[39m\n                      \u001b[33mclass\u001b[39m=\u001b[32m\"button-icon\"\u001b[39m\n                      \u001b[33mdata-slot\u001b[39m=\u001b[32m\"icon\"\u001b[39m\n                      \u001b[33mfill\u001b[39m=\u001b[32m\"none\"\u001b[39m\n                      \u001b[33mstroke\u001b[39m=\u001b[32m\"currentColor\"\u001b[39m\n                      \u001b[33mstroke-width\u001b[39m=\u001b[32m\"1.5\"\u001b[39m\n                      \u001b[33mviewBox\u001b[39m=\u001b[32m\"0 0 24 24\"\u001b[39m\n                      \u001b[33mxmlns\u001b[39m=\u001b[32m\"http://www.w3.org/2000/svg\"\u001b[39m\n                    \u001b[36m>\u001b[39m\n                      \u001b[36m<path\u001b[39m\n                        \u001b[33md\u001b[39m=\u001b[32m\"M5.25 5.653c0-.856.917-1.398 1.667-.986l11.54 6.347a1.125 1.125 0 0 1 0 1.972l-11.54 6.347a1.125 1.125 0 0 1-1.667-.986V5.653Z\"\u001b[39m\n                        \u001b[33mstroke-linecap\u001b[39m=\u001b[32m\"round\"\u001b[39m\n                        \u001b[33mstroke-linejoin\u001b[39m=\u001b[32m\"round\"\u001b[39m\n                      \u001b[36m/>\u001b[39m\n                    \u001b[36m</svg>\u001b[39m\n                    \u001b[0m레벨테스트 시작하기\u001b[0m\n                  \u001b[36m</button>\u001b[39m\n                \u001b[36m</div>\u001b[39m\n              \u001b[36m</div>\u001b[39m\n              \u001b[36m<div\u001b[39m\n                \u001b[33mclass\u001b[39m=\u001b[32m\"info-card\"\u001b[39m\n              \u001b[36m>\u001b[39m\n                \u001b[36m<div\u001b[39m\n                  \u001b[33mstyle\u001b[39m=\u001b[32m\"margin-bottom: 1.5rem;\"\u001b[39m\n                \u001b[36m>\u001b[39m\n                  \u001b[36m<div\u001b[39m\n                    \u001b[33mclass\u001b[39m=\u001b[32m\"level-card-header\"\u001b[39m\n                  \u001b[36m>\u001b[39m\n                    \u001b[36m<p\u001b[39m\n                      \u001b[33mclass\u001b[39m=\u001b[32m\"info-card-title\"\u001b[39m\n                    \u001b[36m>\u001b[39m\n                      \u001b[0m나의 현재 레벨\u001b[0m\n                    \u001b[36m</p>\u001b[39m\n                    \u001b[36m<span\u001b[39m\n                      \u001b[33mclass\u001b[39m=\u001b[32m\"date-badge\"\u001b[39m\n                    \u001b[36m>\u001b[39m\n                      \u001b[0m2025-01-15\u001b[0m\n                      \u001b[0m 기준\u001b[0m\n                    \u001b[36m</span>\u001b[39m\n                  \u001b[36m</div>\u001b[39m\n                  \u001b[36m<div\u001b[39m\n                    \u001b[33mclass\u001b[39m=\u001b[32m\"home-grade-badge grade-Inter-Advanced\"\u001b[39m\n                  \u001b[36m>\u001b[39m\n                    \u001b[36m<svg\u001b[39m\n                      \u001b[33maria-hidden\u001b[39m=\u001b[32m\"true\"\u001b[39m\n                      \u001b[33mclass\u001b[39m=\u001b[32m\"home-grade-icon\"\u001b[39m\n                      \u001b[33mdata-slot\u001b[39m=\u001b[32m\"icon\"\u001b[39m\n                      \u001b[33mfill\u001b[39m=\u001b[32m\"currentColor\"\u001b[39m\n                      \u001b[33mviewBox\u001b[39m=\u001b[32m\"0 0 24 24\"\u001b[39m\n                      \u001b[33mxmlns\u001b[39m=\u001b[32m\"http://www.w3.org/2000/svg\"\u001b[39m\n                    \u001b[36m>\u001b[39m\n                      \u001b[36m<path\u001b[39m\n                        \u001b[33mclip-rule\u001b[39m=\u001b[32m\"evenodd\"\u001b[39m\n                        \u001b[33md\u001b[39m=\u001b[32m\"M5.166 2.621v.858c-1.035.148-2.059.33-3.071.543a.75.75 0 0 0-.584.859 6.753 6.753 0 0 0 6.138 5.6 6.73 6.73 0 0 0 2.743 1.346A6.707 6.707 0 0 1 9.279 15H8.54c-1.036 0-1.875.84-1.875 1.875V19.5h-.75a2.25 2.25 0 0 0-2.25 2.25c0 .414.336.75.75.75h15a.75.75 0 0 0 .75-.75 2.25 2.25 0 0 0-2.25-2.25h-.75v-2.625c0-1.036-.84-1.875-1.875-1.875h-.739a6.706 6.706 0 0 1-1.112-3.173 6.73 6.73 0 0 0 2.743-1.347 6.753 6.753 0 0 0 6.139-5.6.75.75 0 0 0-.585-.858 47.077 47.077 0 0 0-3.07-.543V2.62a.75.75 0 0 0-.658-.744 49.22 49.22 0 0 0-6.093-.377c-2.063 0-4.096.128-6.093.377a.75.75 0 0 0-.657.744Zm0 2.629c0 1.196.312 2.32.857 3.294A5.266 5.266 0 0 1 3.16 5.337a45.6 45.6 0 0 1 2.006-.343v.256Zm13.5 0v-.256c.674.1 1.343.214 2.006.343a5.265 5.265 0 0 1-2.863 3.207 6.72 6.72 0 0 0 .857-3.294Z\"\u001b[39m\n                        \u001b[33mfill-rule\u001b[39m=\u001b[32m\"evenodd\"\u001b[39m\n                      \u001b[36m/>\u001b[39m\n                    \u001b[36m</svg>\u001b[39m\n                    \u001b[36m<div\u001b[39m\n                      \u001b[33mclass\u001b[39m=\u001b[32m\"home-grade-info\"\u001b[39m\n                    \u001b[36m>\u001b[39m\n                      \u001b[36m<p\u001b[39m\n                        \u001b[33mclass\u001b[39m=\u001b[32m\"home-grade-label\"\u001b[39m\n                      \u001b[36m>\u001b[39m\n                        \u001b[0m등급\u001b[0m\n                      \u001b[36m</p>\u001b[39m\n                      \u001b[36m<p\u001b[39m\n                        \u001b[33mclass\u001b[39m=\u001b[32m\"home-grade-value\"\u001b[39m\n                      \u001b[36m>\u001b[39m\n                        \u001b[0m중급\u001b[0m\n                      \u001b[36m</p>\u001b[39m\n                      \u001b[36m<p\u001b[39m\n                        \u001b[33mclass\u001b[39m=\u001b[32m\"home-grade-english\"\u001b[39m\n                      \u001b[36m>\u001b[39m\n                        \u001b[0mInter-Advanced\u001b[0m\n                      \u001b[36m</p>\u001b[39m\n                    \u001b[36m</div>\u001b[39m\n                  \u001b[36m</div>\u001b[39m\n                \u001b[36m</div>\u001b[39m\n                \u001b[36m<div\u001b[39m\n                  \u001b[33mstyle\u001b[39m=\u001b[32m\"border-top: 1px solid var(--border-card); padding-top: 1rem;\"\u001b[39m\n                \u001b[36m>\u001b[39m\n                  \u001b[36m<p\u001b[39m\n                    \u001b[33mstyle\u001b[39m=\u001b[32m\"font-size: 0.875rem; color: var(--text-secondary);\"\u001b[39m\n                  \u001b[36m>\u001b[39m\n                    \u001b[0m전체 \u001b[0m\n                    \u001b[36m<strong\u001b[39m\n                      \u001b[33mstyle\u001b[39m=\u001b[32m\"color: var(--text-primary);\"\u001b[39m\n                    \u001b[36m>\u001b[39m\n                      \u001b[0m1,234\u001b[0m\n                    \u001b[36m</strong>\u001b[39m\n                    \u001b[0m명 참여\u001b[0m\n                  \u001b[36m</p>\u001b[39m\n                \u001b[36m</div>\u001b[39m\n              \u001b[36m</div>\u001b[39m\n            \u001b[36m</section>\u001b[39m\n          \u001b[36m</div>\u001b[39m\n        \u001b[36m</div>\u001b[39m\n      \u001b[36m</main>\u001b[39m\n    \u001b[36m</div>\u001b[39m\n  \u001b[36m</body>\u001b[39m\n\u001b[36m</html>\u001b[39m"],"location":{"line":104,"column":74}},{"ancestorTitles":["","HomePage"],"fullName":" HomePage should redirect to /nickname-setup when nickname is null","status":"failed","title":"should redirect to /nickname-setup when nickname is null","duration":1031,"failureMessages":["expected \"spy\" to be called with arguments: [ '/nickname-setup' ]\n\nReceived: \n\n  1st spy call:\n\n  Array [\n-   \"/nickname-setup\",\n+   \"/consent\",\n  ]\n\n\nNumber of calls: 1\n\n\nIgnored nodes: comments, script, style\n\u001b[36m<html>\u001b[39m\n  \u001b[36m<head />\u001b[39m\n  \u001b[36m<body>\u001b[39m\n    \u001b[36m<div>\u001b[39m\n      \u001b[36m<header\u001b[39m\n        \u001b[33mclass\u001b[39m=\u001b[32m\"app-header\"\u001b[39m\n      \u001b[36m>\u001b[39m\n        \u001b[36m<div\u001b[39m\n          \u001b[33mclass\u001b[39m=\u001b[32m\"header-container\"\u001b[39m\n        \u001b[36m>\u001b[39m\n          \u001b[36m<div\u001b[39m\n            \u001b[33mclass\u001b[39m=\u001b[32m\"header-left\"\u001b[39m\n          \u001b[36m>\u001b[39m\n            \u001b[36m<h1\u001b[39m\n              \u001b[33mclass\u001b[39m=\u001b[32m\"header-logo\"\u001b[39m\n            \u001b[36m>\u001b[39m\n              \u001b[0mS.LSI Learning Platform\u001b[0m\n            \u001b[36m</h1>\u001b[39m\n          \u001b[36m</div>\u001b[39m\n          \u001b[36m<div\u001b[39m\n            \u001b[33mclass\u001b[39m=\u001b[32m\"header-right\"\u001b[39m\n          \u001b[36m>\u001b[39m\n            \u001b[36m<button\u001b[39m\n              \u001b[33maria-label\u001b[39m=\u001b[32m\"회원가입 페이지로 이동\"\u001b[39m\n              \u001b[33mclass\u001b[39m=\u001b[32m\"signup-button\"\u001b[39m\n            \u001b[36m>\u001b[39m\n              \u001b[36m<svg\u001b[39m\n                \u001b[33maria-hidden\u001b[39m=\u001b[32m\"true\"\u001b[39m\n                \u001b[33mclass\u001b[39m=\u001b[32m\"button-icon\"\u001b[39m\n                \u001b[33mdata-slot\u001b[39m=\u001b[32m\"icon\"\u001b[39m\n                \u001b[33mfill\u001b[39m=\u001b[32m\"none\"\u001b[39m\n                \u001b[33mstroke\u001b[39m=\u001b[32m\"currentColor\"\u001b[39m\n                \u001b[33mstroke-width\u001b[39m=\u001b[32m\"1.5\"\u001b[39m\n                \u001b[33mviewBox\u001b[39m=\u001b[32m\"0 0 24 24\"\u001b[39m\n                \u001b[33mxmlns\u001b[39m=\u001b[32m\"http://www.w3.org/2000/svg\"\u001b[39m\n              \u001b[36m>\u001b[39m\n                \u001b[36m<path\u001b[39m\n                  \u001b[33md\u001b[39m=\u001b[32m\"M18 7.5v3m0 0v3m0-3h3m-3 0h-3m-2.25-4.125a3.375 3.375 0 1 1-6.75 0 3.375 3.375 0 0 1 6.75 0ZM3 19.235v-.11a6.375 6.375 0 0 1 12.75 0v.109A12.318 12.318 0 0 1 9.374 21c-2.331 0-4.512-.645-6.374-1.766Z\"\u001b[39m\n                  \u001b[33mstroke-linecap\u001b[39m=\u001b[32m\"round\"\u001b[39m\n                  \u001b[33mstroke-linejoin\u001b[39m=\u001b[32m\"round\"\u001b[39m\n                \u001b[36m/>\u001b[39m\n              \u001b[36m</svg>\u001b[39m\n              \u001b[0m회원가입\u001b[0m\n            \u001b[36m</button>\u001b[39m\n          \u001b[36m</div>\u001b[39m\n        \u001b[36m</div>\u001b[39m\n      \u001b[36m</header>\u001b[39m\n      \u001b[36m<main\u001b[39m\n        \u001b[33mclass\u001b[39m=\u001b[32m\"py-10 lg:py-14 home-page\"\u001b[39m\n      \u001b[36m>\u001b[39m\n        \u001b[36m<div\u001b[39m\n          \u001b[33mclass\u001b[39m=\u001b[32m\"max-w-6xl mx-auto px-4 sm:px-6 lg:px-8 space-y-10 lg:space-y-14 home-container\"\u001b[39m\n        \u001b[36m>\u001b[39m\n          \u001b[36m<div\u001b[39m\n            \u001b[33mclass\u001b[39m=\u001b[32m\"home-sections\"\u001b[39m\n          \u001b[36m>\u001b[39m\n            \u001b[36m<section\u001b[39m\n              \u001b[33mclass\u001b[39m=\u001b[32m\"home-section\"\u001b[39m\n            \u001b[36m>\u001b[39m\n              \u001b[36m<div\u001b[39m\n                \u001b[33mclass\u001b[39m=\u001b[32m\"home-content\"\u001b[39m\n              \u001b[36m>\u001b[39m\n                \u001b[36m<p\u001b[39m\n                  \u001b[33mclass\u001b[39m=\u001b[32m\"home-label\"\u001b[39m\n                \u001b[36m>\u001b[39m\n                  \u001b[0mTODAY'S LEVEL\u001b[0m\n                \u001b[36m</p>\u001b[39m\n                \u001b[36m<h1\u001b[39m\n                  \u001b[33mclass\u001b[39m=\u001b[32m\"home-title\"\u001b[39m\n                \u001b[36m>\u001b[39m\n                  \u001b[0m오늘 당신의 AI 역량은?\u001b[0m\n                  \u001b[36m<br />\u001b[39m\n                \u001b[36m</h1>\u001b[39m\n                \u001b[36m<p\u001b[39m\n                  \u001b[33mclass\u001b[39m=\u001b[32m\"home-description\"\u001b[39m\n                \u001b[36m>\u001b[39m\n                  \u001b[0m슬아샘과 함께 개인 맞춤형 테스트로 당신의 실력을 객관적으로 측정해보세요.\u001b[0m\n                \u001b[36m</p>\u001b[39m\n                \u001b[36m<div\u001b[39m\n                  \u001b[33mclass\u001b[39m=\u001b[32m\"level-button-group\"\u001b[39m\n                \u001b[36m>\u001b[39m\n                  \u001b[36m<button\u001b[39m\n                    \u001b[33mclass\u001b[39m=\u001b[32m\"level-start-button\"\u001b[39m\n                  \u001b[36m>\u001b[39m\n                    \u001b[36m<svg\u001b[39m\n                      \u001b[33maria-hidden\u001b[39m=\u001b[32m\"true\"\u001b[39m\n                      \u001b[33mclass\u001b[39m=\u001b[32m\"button-icon\"\u001b[39m\n                      \u001b[33mdata-slot\u001b[39m=\u001b[32m\"icon\"\u001b[39m\n                      \u001b[33mfill\u001b[39m=\u001b[32m\"none\"\u001b[39m\n                      \u001b[33mstroke\u001b[39m=\u001b[32m\"currentColor\"\u001b[39m\n                      \u001b[33mstroke-width\u001b[39m=\u001b[32m\"1.5\"\u001b[39m\n                      \u001b[33mviewBox\u001b[39m=\u001b[32m\"0 0 24 24\"\u001b[39m\n                      \u001b[33mxmlns\u001b[39m=\u001b[32m\"http://www.w3.org/2000/svg\"\u001b[39m\n                    \u001b[36m>\u001b[39m\n                      \u001b[36m<path\u001b[39m\n                        \u001b[33md\u001b[39m=\u001b[32m\"M5.25 5.653c0-.856.917-1.398 1.667-.986l11.54 6.347a1.125 1.125 0 0 1 0 1.972l-11.54 6.347a1.125 1.125 0 0 1-1.667-.986V5.653Z\"\u001b[39m\n                        \u001b[33mstroke-linecap\u001b[39m=\u001b[32m\"round\"\u001b[39m\n                        \u001b[33mstroke-linejoin\u001b[39m=\u001b[32m\"round\"\u001b[39m\n                      \u001b[36m/>\u001b[39m\n                    \u001b[36m</svg>\u001b[39m\n                    \u001b[0m레벨테스트 시작하기\u001b[0m\n                  \u001b[36m</button>\u001b[39m\n                \u001b[36m</div>\u001b[39m\n              \u001b[36m</div>\u001b[39m\n              \u001b[36m<div\u001b[39m\n                \u001b[33mclass\u001b[39m=\u001b[32m\"info-card\"\u001b[39m\n              \u001b[36m>\u001b[39m\n                \u001b[36m<div\u001b[39m\n                  \u001b[33mstyle\u001b[39m=\u001b[32m\"margin-bottom: 1.5rem;\"\u001b[39m\n                \u001b[36m>\u001b[39m\n                  \u001b[36m<div\u001b[39m\n                    \u001b[33mclass\u001b[39m=\u001b[32m\"level-card-header\"\u001b[39m\n                  \u001b[36m>\u001b[39m\n                    \u001b[36m<p\u001b[39m\n                      \u001b[33mclass\u001b[39m=\u001b[32m\"info-card-title\"\u001b[39m\n                    \u001b[36m>\u001b[39m\n                      \u001b[0m나의 현재 레벨\u001b[0m\n                    \u001b[36m</p>\u001b[39m\n                    \u001b[36m<span\u001b[39m\n                      \u001b[33mclass\u001b[39m=\u001b[32m\"date-badge\"\u001b[39m\n                    \u001b[36m>\u001b[39m\n                      \u001b[0m2025-01-15\u001b[0m\n                      \u001b[0m 기준\u001b[0m\n                    \u001b[36m</span>\u001b[39m\n                  \u001b[36m</div>\u001b[39m\n                  \u001b[36m<div\u001b[39m\n                    \u001b[33mclass\u001b[39m=\u001b[32m\"home-grade-badge grade-Inter-Advanced\"\u001b[39m\n                  \u001b[36m>\u001b[39m\n                    \u001b[36m<svg\u001b[39m\n                      \u001b[33maria-hidden\u001b[39m=\u001b[32m\"true\"\u001b[39m\n                      \u001b[33mclass\u001b[39m=\u001b[32m\"home-grade-icon\"\u001b[39m\n                      \u001b[33mdata-slot\u001b[39m=\u001b[32m\"icon\"\u001b[39m\n                      \u001b[33mfill\u001b[39m=\u001b[32m\"currentColor\"\u001b[39m\n                      \u001b[33mviewBox\u001b[39m=\u001b[32m\"0 0 24 24\"\u001b[39m\n                      \u001b[33mxmlns\u001b[39m=\u001b[32m\"http://www.w3.org/2000/svg\"\u001b[39m\n                    \u001b[36m>\u001b[39m\n                      \u001b[36m<path\u001b[39m\n                        \u001b[33mclip-rule\u001b[39m=\u001b[32m\"evenodd\"\u001b[39m\n                        \u001b[33md\u001b[39m=\u001b[32m\"M5.166 2.621v.858c-1.035.148-2.059.33-3.071.543a.75.75 0 0 0-.584.859 6.753 6.753 0 0 0 6.138 5.6 6.73 6.73 0 0 0 2.743 1.346A6.707 6.707 0 0 1 9.279 15H8.54c-1.036 0-1.875.84-1.875 1.875V19.5h-.75a2.25 2.25 0 0 0-2.25 2.25c0 .414.336.75.75.75h15a.75.75 0 0 0 .75-.75 2.25 2.25 0 0 0-2.25-2.25h-.75v-2.625c0-1.036-.84-1.875-1.875-1.875h-.739a6.706 6.706 0 0 1-1.112-3.173 6.73 6.73 0 0 0 2.743-1.347 6.753 6.753 0 0 0 6.139-5.6.75.75 0 0 0-.585-.858 47.077 47.077 0 0 0-3.07-.543V2.62a.75.75 0 0 0-.658-.744 49.22 49.22 0 0 0-6.093-.377c-2.063 0-4.096.128-6.093.377a.75.75 0 0 0-.657.744Zm0 2.629c0 1.196.312 2.32.857 3.294A5.266 5.266 0 0 1 3.16 5.337a45.6 45.6 0 0 1 2.006-.343v.256Zm13.5 0v-.256c.674.1 1.343.214 2.006.343a5.265 5.265 0 0 1-2.863 3.207 6.72 6.72 0 0 0 .857-3.294Z\"\u001b[39m\n                        \u001b[33mfill-rule\u001b[39m=\u001b[32m\"evenodd\"\u001b[39m\n                      \u001b[36m/>\u001b[39m\n                    \u001b[36m</svg>\u001b[39m\n                    \u001b[36m<div\u001b[39m\n                      \u001b[33mclass\u001b[39m=\u001b[32m\"home-grade-info\"\u001b[39m\n                    \u001b[36m>\u001b[39m\n                      \u001b[36m<p\u001b[39m\n                        \u001b[33mclass\u001b[39m=\u001b[32m\"home-grade-label\"\u001b[39m\n                      \u001b[36m>\u001b[39m\n                        \u001b[0m등급\u001b[0m\n                      \u001b[36m</p>\u001b[39m\n                      \u001b[36m<p\u001b[39m\n                        \u001b[33mclass\u001b[39m=\u001b[32m\"home-grade-value\"\u001b[39m\n                      \u001b[36m>\u001b[39m\n                        \u001b[0m중급\u001b[0m\n                      \u001b[36m</p>\u001b[39m\n                      \u001b[36m<p\u001b[39m\n                        \u001b[33mclass\u001b[39m=\u001b[32m\"home-grade-english\"\u001b[39m\n                      \u001b[36m>\u001b[39m\n                        \u001b[0mInter-Advanced\u001b[0m\n                      \u001b[36m</p>\u001b[39m\n                    \u001b[36m</div>\u001b[39m\n                  \u001b[36m</div>\u001b[39m\n                \u001b[36m</div>\u001b[39m\n                \u001b[36m<div\u001b[39m\n                  \u001b[33mstyle\u001b[39m=\u001b[32m\"border-top: 1px solid var(--border-card); padding-top: 1rem;\"\u001b[39m\n                \u001b[36m>\u001b[39m\n                  \u001b[36m<p\u001b[39m\n                    \u001b[33mstyle\u001b[39m=\u001b[32m\"font-size: 0.875rem; color: var(--text-secondary);\"\u001b[39m\n                  \u001b[36m>\u001b[39m\n                    \u001b[0m전체 \u001b[0m\n                    \u001b[36m<strong\u001b[39m\n                      \u001b[33mstyle\u001b[39m=\u001b[32m\"color: var(--text-primary);\"\u001b[39m\n                    \u001b[36m>\u001b[39m\n                      \u001b[0m1,234\u001b[0m\n                    \u001b[36m</strong>\u001b[39m\n                    \u001b[0m명 참여\u001b[0m\n                  \u001b[36m</p>\u001b[39m\n                \u001b[36m</div>\u001b[39m\n              \u001b[36m</div>\u001b[39m\n            \u001b[36m</section>\u001b[39m\n          \u001b[36m</div>\u001b[39m\n        \u001b[36m</div>\u001b[39m\n      \u001b[36m</main>\u001b[39m\n    \u001b[36m</div>\u001b[39m\n  \u001b[36m</body>\u001b[39m\n\u001b[36m</html>\u001b[39m"],"location":{"line":121,"column":28}},{"ancestorTitles":["","HomePage"],"fullName":" HomePage should navigate to self-assessment when nickname exists","status":"failed","title":"should navigate to self-assessment when nickname exists","duration":1028,"failureMessages":["expected \"spy\" to be called with arguments: [ '/self-assessment' ]\n\nReceived: \n\n  1st spy call:\n\n  Array [\n-   \"/self-assessment\",\n+   \"/consent\",\n  ]\n\n\nNumber of calls: 1\n\n\nIgnored nodes: comments, script, style\n\u001b[36m<html>\u001b[39m\n  \u001b[36m<head />\u001b[39m\n  \u001b[36m<body>\u001b[39m\n    \u001b[36m<div>\u001b[39m\n      \u001b[36m<header\u001b[39m\n        \u001b[33mclass\u001b[39m=\u001b[32m\"app-header\"\u001b[39m\n      \u001b[36m>\u001b[39m\n        \u001b[36m<div\u001b[39m\n          \u001b[33mclass\u001b[39m=\u001b[32m\"header-container\"\u001b[39m\n        \u001b[36m>\u001b[39m\n          \u001b[36m<div\u001b[39m\n            \u001b[33mclass\u001b[39m=\u001b[32m\"header-left\"\u001b[39m\n          \u001b[36m>\u001b[39m\n            \u001b[36m<h1\u001b[39m\n              \u001b[33mclass\u001b[39m=\u001b[32m\"header-logo\"\u001b[39m\n            \u001b[36m>\u001b[39m\n              \u001b[0mS.LSI Learning Platform\u001b[0m\n            \u001b[36m</h1>\u001b[39m\n          \u001b[36m</div>\u001b[39m\n          \u001b[36m<div\u001b[39m\n            \u001b[33mclass\u001b[39m=\u001b[32m\"header-right\"\u001b[39m\n          \u001b[36m>\u001b[39m\n            \u001b[36m<div\u001b[39m\n              \u001b[33mclass\u001b[39m=\u001b[32m\"profile-menu-container\"\u001b[39m\n            \u001b[36m>\u001b[39m\n              \u001b[36m<button\u001b[39m\n                \u001b[33maria-expanded\u001b[39m=\u001b[32m\"false\"\u001b[39m\n                \u001b[33maria-label\u001b[39m=\u001b[32m\"프로필 메뉴 열기 - 현재 로그인: testuser\"\u001b[39m\n                \u001b[33mclass\u001b[39m=\u001b[32m\"nickname-display\"\u001b[39m\n                \u001b[33mtype\u001b[39m=\u001b[32m\"button\"\u001b[39m\n              \u001b[36m>\u001b[39m\n                \u001b[36m<div\u001b[39m\n                  \u001b[33mclass\u001b[39m=\u001b[32m\"profile-icon\"\u001b[39m\n                \u001b[36m>\u001b[39m\n                  \u001b[36m<svg\u001b[39m\n                    \u001b[33maria-hidden\u001b[39m=\u001b[32m\"true\"\u001b[39m\n                    \u001b[33mdata-slot\u001b[39m=\u001b[32m\"icon\"\u001b[39m\n                    \u001b[33mfill\u001b[39m=\u001b[32m\"none\"\u001b[39m\n                    \u001b[33mstroke\u001b[39m=\u001b[32m\"currentColor\"\u001b[39m\n                    \u001b[33mstroke-width\u001b[39m=\u001b[32m\"1.5\"\u001b[39m\n                    \u001b[33mviewBox\u001b[39m=\u001b[32m\"0 0 24 24\"\u001b[39m\n                    \u001b[33mxmlns\u001b[39m=\u001b[32m\"http://www.w3.org/2000/svg\"\u001b[39m\n                  \u001b[36m>\u001b[39m\n                    \u001b[36m<path\u001b[39m\n                      \u001b[33md\u001b[39m=\u001b[32m\"M17.982 18.725A7.488 7.488 0 0 0 12 15.75a7.488 7.488 0 0 0-5.982 2.975m11.963 0a9 9 0 1 0-11.963 0m11.963 0A8.966 8.966 0 0 1 12 21a8.966 8.966 0 0 1-5.982-2.275M15 9.75a3 3 0 1 1-6 0 3 3 0 0 1 6 0Z\"\u001b[39m\n                      \u001b[33mstroke-linecap\u001b[39m=\u001b[32m\"round\"\u001b[39m\n                      \u001b[33mstroke-linejoin\u001b[39m=\u001b[32m\"round\"\u001b[39m\n                    \u001b[36m/>\u001b[39m\n                  \u001b[36m</svg>\u001b[39m\n                \u001b[36m</div>\u001b[39m\n                \u001b[36m<div\u001b[39m\n                  \u001b[33mclass\u001b[39m=\u001b[32m\"nickname-content\"\u001b[39m\n                \u001b[36m>\u001b[39m\n                  \u001b[36m<span\u001b[39m\n                    \u001b[33mclass\u001b[39m=\u001b[32m\"nickname-text\"\u001b[39m\n                    \u001b[33mtitle\u001b[39m=\u001b[32m\"testuser\"\u001b[39m\n                  \u001b[36m>\u001b[39m\n                    \u001b[0mtestuser\u001b[0m\n                  \u001b[36m</span>\u001b[39m\n                \u001b[36m</div>\u001b[39m\n                \u001b[36m<div\u001b[39m\n                  \u001b[33maria-hidden\u001b[39m=\u001b[32m\"true\"\u001b[39m\n                  \u001b[33mclass\u001b[39m=\u001b[32m\"profile-dropdown-chevron\"\u001b[39m\n                \u001b[36m>\u001b[39m\n                  \u001b[36m<svg\u001b[39m\n                    \u001b[33maria-hidden\u001b[39m=\u001b[32m\"true\"\u001b[39m\n                    \u001b[33mdata-slot\u001b[39m=\u001b[32m\"icon\"\u001b[39m\n                    \u001b[33mfill\u001b[39m=\u001b[32m\"none\"\u001b[39m\n                    \u001b[33mstroke\u001b[39m=\u001b[32m\"currentColor\"\u001b[39m\n                    \u001b[33mstroke-width\u001b[39m=\u001b[32m\"1.5\"\u001b[39m\n                    \u001b[33mviewBox\u001b[39m=\u001b[32m\"0 0 24 24\"\u001b[39m\n                    \u001b[33mxmlns\u001b[39m=\u001b[32m\"http://www.w3.org/2000/svg\"\u001b[39m\n                  \u001b[36m>\u001b[39m\n                    \u001b[36m<path\u001b[39m\n                      \u001b[33md\u001b[39m=\u001b[32m\"m19.5 8.25-7.5 7.5-7.5-7.5\"\u001b[39m\n                      \u001b[33mstroke-linecap\u001b[39m=\u001b[32m\"round\"\u001b[39m\n                      \u001b[33mstroke-linejoin\u001b[39m=\u001b[32m\"round\"\u001b[39m\n                    \u001b[36m/>\u001b[39m\n                  \u001b[36m</svg>\u001b[39m\n                \u001b[36m</div>\u001b[39m\n              \u001b[36m</button>\u001b[39m\n            \u001b[36m</div>\u001b[39m\n          \u001b[36m</div>\u001b[39m\n        \u001b[36m</div>\u001b[39m\n      \u001b[36m</header>\u001b[39m\n      \u001b[36m<main\u001b[39m\n        \u001b[33mclass\u001b[39m=\u001b[32m\"py-10 lg:py-14 home-page\"\u001b[39m\n      \u001b[36m>\u001b[39m\n        \u001b[36m<div\u001b[39m\n          \u001b[33mclass\u001b[39m=\u001b[32m\"max-w-6xl mx-auto px-4 sm:px-6 lg:px-8 space-y-10 lg:space-y-14 home-container\"\u001b[39m\n        \u001b[36m>\u001b[39m\n          \u001b[36m<div\u001b[39m\n            \u001b[33mclass\u001b[39m=\u001b[32m\"home-sections\"\u001b[39m\n          \u001b[36m>\u001b[39m\n            \u001b[36m<section\u001b[39m\n              \u001b[33mclass\u001b[39m=\u001b[32m\"home-section\"\u001b[39m\n            \u001b[36m>\u001b[39m\n              \u001b[36m<div\u001b[39m\n                \u001b[33mclass\u001b[39m=\u001b[32m\"home-content\"\u001b[39m\n              \u001b[36m>\u001b[39m\n                \u001b[36m<p\u001b[39m\n                  \u001b[33mclass\u001b[39m=\u001b[32m\"home-label\"\u001b[39m\n                \u001b[36m>\u001b[39m\n                  \u001b[0mTODAY'S LEVEL\u001b[0m\n                \u001b[36m</p>\u001b[39m\n                \u001b[36m<h1\u001b[39m\n                  \u001b[33mclass\u001b[39m=\u001b[32m\"home-title\"\u001b[39m\n                \u001b[36m>\u001b[39m\n                  \u001b[0m오늘 당신의 AI 역량은?\u001b[0m\n                  \u001b[36m<br />\u001b[39m\n                \u001b[36m</h1>\u001b[39m\n                \u001b[36m<p\u001b[39m\n                  \u001b[33mclass\u001b[39m=\u001b[32m\"home-description\"\u001b[39m\n                \u001b[36m>\u001b[39m\n                  \u001b[0m슬아샘과 함께 개인 맞춤형 테스트로 당신의 실력을 객관적으로 측정해보세요.\u001b[0m\n                \u001b[36m</p>\u001b[39m\n                \u001b[36m<div\u001b[39m\n                  \u001b[33mclass\u001b[39m=\u001b[32m\"level-button-group\"\u001b[39m\n                \u001b[36m>\u001b[39m\n                  \u001b[36m<button\u001b[39m\n                    \u001b[33mclass\u001b[39m=\u001b[32m\"level-start-button\"\u001b[39m\n                  \u001b[36m>\u001b[39m\n                    \u001b[36m<svg\u001b[39m\n                      \u001b[33maria-hidden\u001b[39m=\u001b[32m\"true\"\u001b[39m\n                      \u001b[33mclass\u001b[39m=\u001b[32m\"button-icon\"\u001b[39m\n                      \u001b[33mdata-slot\u001b[39m=\u001b[32m\"icon\"\u001b[39m\n                      \u001b[33mfill\u001b[39m=\u001b[32m\"none\"\u001b[39m\n                      \u001b[33mstroke\u001b[39m=\u001b[32m\"currentColor\"\u001b[39m\n                      \u001b[33mstroke-width\u001b[39m=\u001b[32m\"1.5\"\u001b[39m\n                      \u001b[33mviewBox\u001b[39m=\u001b[32m\"0 0 24 24\"\u001b[39m\n                      \u001b[33mxmlns\u001b[39m=\u001b[32m\"http://www.w3.org/2000/svg\"\u001b[39m\n                    \u001b[36m>\u001b[39m\n                      \u001b[36m<path\u001b[39m\n                        \u001b[33md\u001b[39m=\u001b[32m\"M5.25 5.653c0-.856.917-1.398 1.667-.986l11.54 6.347a1.125 1.125 0 0 1 0 1.972l-11.54 6.347a1.125 1.125 0 0 1-1.667-.986V5.653Z\"\u001b[39m\n                        \u001b[33mstroke-linecap\u001b[39m=\u001b[32m\"round\"\u001b[39m\n                        \u001b[33mstroke-linejoin\u001b[39m=\u001b[32m\"round\"\u001b[39m\n                      \u001b[36m/>\u001b[39m\n                    \u001b[36m</svg>\u001b[39m\n                    \u001b[0m레벨테스트 시작하기\u001b[0m\n                  \u001b[36m</button>\u001b[39m\n                \u001b[36m</div>\u001b[39m\n              \u001b[36m</div>\u001b[39m\n              \u001b[36m<div\u001b[39m\n                \u001b[33mclass\u001b[39m=\u001b[32m\"info-card\"\u001b[39m\n              \u001b[36m>\u001b[39m\n                \u001b[36m<div\u001b[39m\n                  \u001b[33mstyle\u001b[39m=\u001b[32m\"margin-bottom: 1.5rem;\"\u001b[39m\n                \u001b[36m>\u001b[39m\n                  \u001b[36m<div\u001b[39m\n                    \u001b[33mclass\u001b[39m=\u001b[32m\"level-card-header\"\u001b[39m\n                  \u001b[36m>\u001b[39m\n                    \u001b[36m<p\u001b[39m\n                      \u001b[33mclass\u001b[39m=\u001b[32m\"info-card-title\"\u001b[39m\n                    \u001b[36m>\u001b[39m\n                      \u001b[0m나의 현재 레벨\u001b[0m\n                    \u001b[36m</p>\u001b[39m\n                    \u001b[36m<span\u001b[39m\n                      \u001b[33mclass\u001b[39m=\u001b[32m\"date-badge\"\u001b[39m\n                    \u001b[36m>\u001b[39m\n                      \u001b[0m2025-01-15\u001b[0m\n                      \u001b[0m 기준\u001b[0m\n                    \u001b[36m</span>\u001b[39m\n                  \u001b[36m</div>\u001b[39m\n                  \u001b[36m<div\u001b[39m\n                    \u001b[33mclass\u001b[39m=\u001b[32m\"home-grade-badge grade-Inter-Advanced\"\u001b[39m\n                  \u001b[36m>\u001b[39m\n                    \u001b[36m<svg\u001b[39m\n                      \u001b[33maria-hidden\u001b[39m=\u001b[32m\"true\"\u001b[39m\n                      \u001b[33mclass\u001b[39m=\u001b[32m\"home-grade-icon\"\u001b[39m\n                      \u001b[33mdata-slot\u001b[39m=\u001b[32m\"icon\"\u001b[39m\n                      \u001b[33mfill\u001b[39m=\u001b[32m\"currentColor\"\u001b[39m\n                      \u001b[33mviewBox\u001b[39m=\u001b[32m\"0 0 24 24\"\u001b[39m\n                      \u001b[33mxmlns\u001b[39m=\u001b[32m\"http://www.w3.org/2000/svg\"\u001b[39m\n                    \u001b[36m>\u001b[39m\n                      \u001b[36m<path\u001b[39m\n                        \u001b[33mclip-rule\u001b[39m=\u001b[32m\"evenodd\"\u001b[39m\n                        \u001b[33md\u001b[39m=\u001b[32m\"M5.166 2.621v.858c-1.035.148-2.059.33-3.071.543a.75.75 0 0 0-.584.859 6.753 6.753 0 0 0 6.138 5.6 6.73 6.73 0 0 0 2.743 1.346A6.707 6.707 0 0 1 9.279 15H8.54c-1.036 0-1.875.84-1.875 1.875V19.5h-.75a2.25 2.25 0 0 0-2.25 2.25c0 .414.336.75.75.75h15a.75.75 0 0 0 .75-.75 2.25 2.25 0 0 0-2.25-2.25h-.75v-2.625c0-1.036-.84-1.875-1.875-1.875h-.739a6.706 6.706 0 0 1-1.112-3.173 6.73 6.73 0 0 0 2.743-1.347 6.753 6.753 0 0 0 6.139-5.6.75.75 0 0 0-.585-.858 47.077 47.077 0 0 0-3.07-.543V2.62a.75.75 0 0 0-.658-.744 49.22 49.22 0 0 0-6.093-.377c-2.063 0-4.096.128-6.093.377a.75.75 0 0 0-.657.744Zm0 2.629c0 1.196.312 2.32.857 3.294A5.266 5.266 0 0 1 3.16 5.337a45.6 45.6 0 0 1 2.006-.343v.256Zm13.5 0v-.256c.674.1 1.343.214 2.006.343a5.265 5.265 0 0 1-2.863 3.207 6.72 6.72 0 0 0 .857-3.294Z\"\u001b[39m\n                        \u001b[33mfill-rule\u001b[39m=\u001b[32m\"evenodd\"\u001b[39m\n                      \u001b[36m/>\u001b[39m\n                    \u001b[36m</svg>\u001b[39m\n                    \u001b[36m<div\u001b[39m\n                      \u001b[33mclass\u001b[39m=\u001b[32m\"home-grade-info\"\u001b[39m\n                    \u001b[36m>\u001b[39m\n                      \u001b[36m<p\u001b[39m\n                        \u001b[33mclass\u001b[39m=\u001b[32m\"home-grade-label\"\u001b[39m\n                      \u001b[36m>\u001b[39m\n                        \u001b[0m등급\u001b[0m\n                      \u001b[36m</p>\u001b[39m\n                      \u001b[36m<p\u001b[39m\n                        \u001b[33mclass\u001b[39m=\u001b[32m\"home-grade-value\"\u001b[39m\n                      \u001b[36m>\u001b[39m\n                        \u001b[0m중급\u001b[0m\n                      \u001b[36m</p>\u001b[39m\n                      \u001b[36m<p\u001b[39m\n                        \u001b[33mclass\u001b[39m=\u001b[32m\"home-grade-english\"\u001b[39m\n                      \u001b[36m>\u001b[39m\n                        \u001b[0mInter-Advanced\u001b[0m\n                      \u001b[36m</p>\u001b[39m\n                    \u001b[36m</div>\u001b[39m\n                  \u001b[36m</div>\u001b[39m\n                \u001b[36m</div>\u001b[39m\n                \u001b[36m<div\u001b[39m\n                  \u001b[33mstyle\u001b[39m=\u001b[32m\"border-top: 1px solid var(--border-card); padding-top: 1rem;\"\u001b[39m\n                \u001b[36m>\u001b[39m\n                  \u001b[36m<p\u001b[39m\n                    \u001b[33mstyle\u001b[39m=\u001b[32m\"font-size: 0.875rem; color: var(--text-secondary);\"\u001b[39m\n                  \u001b[36m>\u001b[39m\n                    \u001b[0m전체 \u001b[0m\n                    \u001b[36m<strong\u001b[39m\n                      \u001b[33mstyle\u001b[39m=\u001b[32m\"color: var(--text-primary);\"\u001b[39m\n                    \u001b[36m>\u001b[39m\n                      \u001b[0m1,234\u001b[0m\n                    \u001b[36m</strong>\u001b[39m\n                    \u001b[0m명 참여\u001b[0m\n                  \u001b[36m</p>\u001b[39m\n                \u001b[36m</div>\u001b[39m\n              \u001b[36m</div>\u001b[39m\n            \u001b[36m</section>\u001b[39m\n          \u001b[36m</div>\u001b[39m\n        \u001b[36m</div>\u001b[39m\n      \u001b[36m</main>\u001b[39m\n    \u001b[36m</div>\u001b[39m\n  \u001b[36m</body>\u001b[39m\n\u001b[36m</html>\u001b[39m"],"location":{"line":145,"column":28}},{"ancestorTitles":["","HomePage"],"fullName":" HomePage should navigate to profile-review when survey progress exists","status":"failed","title":"should navigate to profile-review when survey progress exists","duration":1031,"failureMessages":["expected \"spy\" to be called with arguments: [ '/profile-review', …(1) ]\n\nReceived: \n\n  1st spy call:\n\n  Array [\n-   \"/profile-review\",\n-   ObjectContaining {\n-     \"state\": ObjectContaining {\n-       \"level\": 4,\n-       \"surveyId\": \"saved_survey_789\",\n-     },\n-   },\n+   \"/consent\",\n  ]\n\n\nNumber of calls: 1\n\n\nIgnored nodes: comments, script, style\n\u001b[36m<html>\u001b[39m\n  \u001b[36m<head />\u001b[39m\n  \u001b[36m<body>\u001b[39m\n    \u001b[36m<div>\u001b[39m\n      \u001b[36m<header\u001b[39m\n        \u001b[33mclass\u001b[39m=\u001b[32m\"app-header\"\u001b[39m\n      \u001b[36m>\u001b[39m\n        \u001b[36m<div\u001b[39m\n          \u001b[33mclass\u001b[39m=\u001b[32m\"header-container\"\u001b[39m\n        \u001b[36m>\u001b[39m\n          \u001b[36m<div\u001b[39m\n            \u001b[33mclass\u001b[39m=\u001b[32m\"header-left\"\u001b[39m\n          \u001b[36m>\u001b[39m\n            \u001b[36m<h1\u001b[39m\n              \u001b[33mclass\u001b[39m=\u001b[32m\"header-logo\"\u001b[39m\n            \u001b[36m>\u001b[39m\n              \u001b[0mS.LSI Learning Platform\u001b[0m\n            \u001b[36m</h1>\u001b[39m\n          \u001b[36m</div>\u001b[39m\n          \u001b[36m<div\u001b[39m\n            \u001b[33mclass\u001b[39m=\u001b[32m\"header-right\"\u001b[39m\n          \u001b[36m>\u001b[39m\n            \u001b[36m<div\u001b[39m\n              \u001b[33mclass\u001b[39m=\u001b[32m\"profile-menu-container\"\u001b[39m\n            \u001b[36m>\u001b[39m\n              \u001b[36m<button\u001b[39m\n                \u001b[33maria-expanded\u001b[39m=\u001b[32m\"false\"\u001b[39m\n                \u001b[33maria-label\u001b[39m=\u001b[32m\"프로필 메뉴 열기 - 현재 로그인: testuser\"\u001b[39m\n                \u001b[33mclass\u001b[39m=\u001b[32m\"nickname-display\"\u001b[39m\n                \u001b[33mtype\u001b[39m=\u001b[32m\"button\"\u001b[39m\n              \u001b[36m>\u001b[39m\n                \u001b[36m<div\u001b[39m\n                  \u001b[33mclass\u001b[39m=\u001b[32m\"profile-icon\"\u001b[39m\n                \u001b[36m>\u001b[39m\n                  \u001b[36m<svg\u001b[39m\n                    \u001b[33maria-hidden\u001b[39m=\u001b[32m\"true\"\u001b[39m\n                    \u001b[33mdata-slot\u001b[39m=\u001b[32m\"icon\"\u001b[39m\n                    \u001b[33mfill\u001b[39m=\u001b[32m\"none\"\u001b[39m\n                    \u001b[33mstroke\u001b[39m=\u001b[32m\"currentColor\"\u001b[39m\n                    \u001b[33mstroke-width\u001b[39m=\u001b[32m\"1.5\"\u001b[39m\n                    \u001b[33mviewBox\u001b[39m=\u001b[32m\"0 0 24 24\"\u001b[39m\n                    \u001b[33mxmlns\u001b[39m=\u001b[32m\"http://www.w3.org/2000/svg\"\u001b[39m\n                  \u001b[36m>\u001b[39m\n                    \u001b[36m<path\u001b[39m\n                      \u001b[33md\u001b[39m=\u001b[32m\"M17.982 18.725A7.488 7.488 0 0 0 12 15.75a7.488 7.488 0 0 0-5.982 2.975m11.963 0a9 9 0 1 0-11.963 0m11.963 0A8.966 8.966 0 0 1 12 21a8.966 8.966 0 0 1-5.982-2.275M15 9.75a3 3 0 1 1-6 0 3 3 0 0 1 6 0Z\"\u001b[39m\n                      \u001b[33mstroke-linecap\u001b[39m=\u001b[32m\"round\"\u001b[39m\n                      \u001b[33mstroke-linejoin\u001b[39m=\u001b[32m\"round\"\u001b[39m\n                    \u001b[36m/>\u001b[39m\n                  \u001b[36m</svg>\u001b[39m\n                \u001b[36m</div>\u001b[39m\n                \u001b[36m<div\u001b[39m\n                  \u001b[33mclass\u001b[39m=\u001b[32m\"nickname-content\"\u001b[39m\n                \u001b[36m>\u001b[39m\n                  \u001b[36m<span\u001b[39m\n                    \u001b[33mclass\u001b[39m=\u001b[32m\"nickname-text\"\u001b[39m\n                    \u001b[33mtitle\u001b[39m=\u001b[32m\"testuser\"\u001b[39m\n                  \u001b[36m>\u001b[39m\n                    \u001b[0mtestuser\u001b[0m\n                  \u001b[36m</span>\u001b[39m\n                \u001b[36m</div>\u001b[39m\n                \u001b[36m<div\u001b[39m\n                  \u001b[33maria-hidden\u001b[39m=\u001b[32m\"true\"\u001b[39m\n                  \u001b[33mclass\u001b[39m=\u001b[32m\"profile-dropdown-chevron\"\u001b[39m\n                \u001b[36m>\u001b[39m\n                  \u001b[36m<svg\u001b[39m\n                    \u001b[33maria-hidden\u001b[39m=\u001b[32m\"true\"\u001b[39m\n                    \u001b[33mdata-slot\u001b[39m=\u001b[32m\"icon\"\u001b[39m\n                    \u001b[33mfill\u001b[39m=\u001b[32m\"none\"\u001b[39m\n                    \u001b[33mstroke\u001b[39m=\u001b[32m\"currentColor\"\u001b[39m\n                    \u001b[33mstroke-width\u001b[39m=\u001b[32m\"1.5\"\u001b[39m\n                    \u001b[33mviewBox\u001b[39m=\u001b[32m\"0 0 24 24\"\u001b[39m\n                    \u001b[33mxmlns\u001b[39m=\u001b[32m\"http://www.w3.org/2000/svg\"\u001b[39m\n                  \u001b[36m>\u001b[39m\n                    \u001b[36m<path\u001b[39m\n                      \u001b[33md\u001b[39m=\u001b[32m\"m19.5 8.25-7.5 7.5-7.5-7.5\"\u001b[39m\n                      \u001b[33mstroke-linecap\u001b[39m=\u001b[32m\"round\"\u001b[39m\n                      \u001b[33mstroke-linejoin\u001b[39m=\u001b[32m\"round\"\u001b[39m\n                    \u001b[36m/>\u001b[39m\n                  \u001b[36m</svg>\u001b[39m\n                \u001b[36m</div>\u001b[39m\n              \u001b[36m</button>\u001b[39m\n            \u001b[36m</div>\u001b[39m\n          \u001b[36m</div>\u001b[39m\n        \u001b[36m</div>\u001b[39m\n      \u001b[36m</header>\u001b[39m\n      \u001b[36m<main\u001b[39m\n        \u001b[33mclass\u001b[39m=\u001b[32m\"py-10 lg:py-14 home-page\"\u001b[39m\n      \u001b[36m>\u001b[39m\n        \u001b[36m<div\u001b[39m\n          \u001b[33mclass\u001b[39m=\u001b[32m\"max-w-6xl mx-auto px-4 sm:px-6 lg:px-8 space-y-10 lg:space-y-14 home-container\"\u001b[39m\n        \u001b[36m>\u001b[39m\n          \u001b[36m<div\u001b[39m\n            \u001b[33mclass\u001b[39m=\u001b[32m\"home-sections\"\u001b[39m\n          \u001b[36m>\u001b[39m\n            \u001b[36m<section\u001b[39m\n              \u001b[33mclass\u001b[39m=\u001b[32m\"home-section\"\u001b[39m\n            \u001b[36m>\u001b[39m\n              \u001b[36m<div\u001b[39m\n                \u001b[33mclass\u001b[39m=\u001b[32m\"home-content\"\u001b[39m\n              \u001b[36m>\u001b[39m\n                \u001b[36m<p\u001b[39m\n                  \u001b[33mclass\u001b[39m=\u001b[32m\"home-label\"\u001b[39m\n                \u001b[36m>\u001b[39m\n                  \u001b[0mTODAY'S LEVEL\u001b[0m\n                \u001b[36m</p>\u001b[39m\n                \u001b[36m<h1\u001b[39m\n                  \u001b[33mclass\u001b[39m=\u001b[32m\"home-title\"\u001b[39m\n                \u001b[36m>\u001b[39m\n                  \u001b[0m오늘 당신의 AI 역량은?\u001b[0m\n                  \u001b[36m<br />\u001b[39m\n                \u001b[36m</h1>\u001b[39m\n                \u001b[36m<p\u001b[39m\n                  \u001b[33mclass\u001b[39m=\u001b[32m\"home-description\"\u001b[39m\n                \u001b[36m>\u001b[39m\n                  \u001b[0m슬아샘과 함께 개인 맞춤형 테스트로 당신의 실력을 객관적으로 측정해보세요.\u001b[0m\n                \u001b[36m</p>\u001b[39m\n                \u001b[36m<div\u001b[39m\n                  \u001b[33mclass\u001b[39m=\u001b[32m\"level-button-group\"\u001b[39m\n                \u001b[36m>\u001b[39m\n                  \u001b[36m<button\u001b[39m\n                    \u001b[33mclass\u001b[39m=\u001b[32m\"level-start-button\"\u001b[39m\n                  \u001b[36m>\u001b[39m\n                    \u001b[36m<svg\u001b[39m\n                      \u001b[33maria-hidden\u001b[39m=\u001b[32m\"true\"\u001b[39m\n                      \u001b[33mclass\u001b[39m=\u001b[32m\"button-icon\"\u001b[39m\n                      \u001b[33mdata-slot\u001b[39m=\u001b[32m\"icon\"\u001b[39m\n                      \u001b[33mfill\u001b[39m=\u001b[32m\"none\"\u001b[39m\n                      \u001b[33mstroke\u001b[39m=\u001b[32m\"currentColor\"\u001b[39m\n                      \u001b[33mstroke-width\u001b[39m=\u001b[32m\"1.5\"\u001b[39m\n                      \u001b[33mviewBox\u001b[39m=\u001b[32m\"0 0 24 24\"\u001b[39m\n                      \u001b[33mxmlns\u001b[39m=\u001b[32m\"http://www.w3.org/2000/svg\"\u001b[39m\n                    \u001b[36m>\u001b[39m\n                      \u001b[36m<path\u001b[39m\n                        \u001b[33md\u001b[39m=\u001b[32m\"M5.25 5.653c0-.856.917-1.398 1.667-.986l11.54 6.347a1.125 1.125 0 0 1 0 1.972l-11.54 6.347a1.125 1.125 0 0 1-1.667-.986V5.653Z\"\u001b[39m\n                        \u001b[33mstroke-linecap\u001b[39m=\u001b[32m\"round\"\u001b[39m\n                        \u001b[33mstroke-linejoin\u001b[39m=\u001b[32m\"round\"\u001b[39m\n                      \u001b[36m/>\u001b[39m\n                    \u001b[36m</svg>\u001b[39m\n                    \u001b[0m레벨테스트 시작하기\u001b[0m\n                  \u001b[36m</button>\u001b[39m\n                \u001b[36m</div>\u001b[39m\n              \u001b[36m</div>\u001b[39m\n              \u001b[36m<div\u001b[39m\n                \u001b[33mclass\u001b[39m=\u001b[32m\"info-card\"\u001b[39m\n              \u001b[36m>\u001b[39m\n                \u001b[36m<div\u001b[39m\n                  \u001b[33mstyle\u001b[39m=\u001b[32m\"margin-bottom: 1.5rem;\"\u001b[39m\n                \u001b[36m>\u001b[39m\n                  \u001b[36m<div\u001b[39m\n                    \u001b[33mclass\u001b[39m=\u001b[32m\"level-card-header\"\u001b[39m\n                  \u001b[36m>\u001b[39m\n                    \u001b[36m<p\u001b[39m\n                      \u001b[33mclass\u001b[39m=\u001b[32m\"info-card-title\"\u001b[39m\n                    \u001b[36m>\u001b[39m\n                      \u001b[0m나의 현재 레벨\u001b[0m\n                    \u001b[36m</p>\u001b[39m\n                    \u001b[36m<span\u001b[39m\n                      \u001b[33mclass\u001b[39m=\u001b[32m\"date-badge\"\u001b[39m\n                    \u001b[36m>\u001b[39m\n                      \u001b[0m2025-01-15\u001b[0m\n                      \u001b[0m 기준\u001b[0m\n                    \u001b[36m</span>\u001b[39m\n                  \u001b[36m</div>\u001b[39m\n                  \u001b[36m<div\u001b[39m\n                    \u001b[33mclass\u001b[39m=\u001b[32m\"home-grade-badge grade-Inter-Advanced\"\u001b[39m\n                  \u001b[36m>\u001b[39m\n                    \u001b[36m<svg\u001b[39m\n                      \u001b[33maria-hidden\u001b[39m=\u001b[32m\"true\"\u001b[39m\n                      \u001b[33mclass\u001b[39m=\u001b[32m\"home-grade-icon\"\u001b[39m\n                      \u001b[33mdata-slot\u001b[39m=\u001b[32m\"icon\"\u001b[39m\n                      \u001b[33mfill\u001b[39m=\u001b[32m\"currentColor\"\u001b[39m\n                      \u001b[33mviewBox\u001b[39m=\u001b[32m\"0 0 24 24\"\u001b[39m\n                      \u001b[33mxmlns\u001b[39m=\u001b[32m\"http://www.w3.org/2000/svg\"\u001b[39m\n                    \u001b[36m>\u001b[39m\n                      \u001b[36m<path\u001b[39m\n                        \u001b[33mclip-rule\u001b[39m=\u001b[32m\"evenodd\"\u001b[39m\n                        \u001b[33md\u001b[39m=\u001b[32m\"M5.166 2.621v.858c-1.035.148-2.059.33-3.071.543a.75.75 0 0 0-.584.859 6.753 6.753 0 0 0 6.138 5.6 6.73 6.73 0 0 0 2.743 1.346A6.707 6.707 0 0 1 9.279 15H8.54c-1.036 0-1.875.84-1.875 1.875V19.5h-.75a2.25 2.25 0 0 0-2.25 2.25c0 .414.336.75.75.75h15a.75.75 0 0 0 .75-.75 2.25 2.25 0 0 0-2.25-2.25h-.75v-2.625c0-1.036-.84-1.875-1.875-1.875h-.739a6.706 6.706 0 0 1-1.112-3.173 6.73 6.73 0 0 0 2.743-1.347 6.753 6.753 0 0 0 6.139-5.6.75.75 0 0 0-.585-.858 47.077 47.077 0 0 0-3.07-.543V2.62a.75.75 0 0 0-.658-.744 49.22 49.22 0 0 0-6.093-.377c-2.063 0-4.096.128-6.093.377a.75.75 0 0 0-.657.744Zm0 2.629c0 1.196.312 2.32.857 3.294A5.266 5.266 0 0 1 3.16 5.337a45.6 45.6 0 0 1 2.006-.343v.256Zm13.5 0v-.256c.674.1 1.343.214 2.006.343a5.265 5.265 0 0 1-2.863 3.207 6.72 6.72 0 0 0 .857-3.294Z\"\u001b[39m\n                        \u001b[33mfill-rule\u001b[39m=\u001b[32m\"evenodd\"\u001b[39m\n                      \u001b[36m/>\u001b[39m\n                    \u001b[36m</svg>\u001b[39m\n                    \u001b[36m<div\u001b[39m\n                      \u001b[33mclass\u001b[39m=\u001b[32m\"home-grade-info\"\u001b[39m\n                    \u001b[36m>\u001b[39m\n                      \u001b[36m<p\u001b[39m\n                        \u001b[33mclass\u001b[39m=\u001b[32m\"home-grade-label\"\u001b[39m\n                      \u001b[36m>\u001b[39m\n                        \u001b[0m등급\u001b[0m\n                      \u001b[36m</p>\u001b[39m\n                      \u001b[36m<p\u001b[39m\n                        \u001b[33mclass\u001b[39m=\u001b[32m\"home-grade-value\"\u001b[39m\n                      \u001b[36m>\u001b[39m\n                        \u001b[0m중급\u001b[0m\n                      \u001b[36m</p>\u001b[39m\n                      \u001b[36m<p\u001b[39m\n                        \u001b[33mclass\u001b[39m=\u001b[32m\"home-grade-english\"\u001b[39m\n                      \u001b[36m>\u001b[39m\n                        \u001b[0mInter-Advanced\u001b[0m\n                      \u001b[36m</p>\u001b[39m\n                    \u001b[36m</div>\u001b[39m\n                  \u001b[36m</div>\u001b[39m\n                \u001b[36m</div>\u001b[39m\n                \u001b[36m<div\u001b[39m\n                  \u001b[33mstyle\u001b[39m=\u001b[32m\"border-top: 1px solid var(--border-card); padding-top: 1rem;\"\u001b[39m\n                \u001b[36m>\u001b[39m\n                  \u001b[36m<p\u001b[39m\n                    \u001b[33mstyle\u001b[39m=\u001b[32m\"font-size: 0.875rem; color: var(--text-secondary);\"\u001b[39m\n                  \u001b[36m>\u001b[39m\n                    \u001b[0m전체 \u001b[0m\n                    \u001b[36m<strong\u001b[39m\n                      \u001b[33mstyle\u001b[39m=\u001b[32m\"color: var(--text-primary);\"\u001b[39m\n                    \u001b[36m>\u001b[39m\n                      \u001b[0m1,234\u001b[0m\n                    \u001b[36m</strong>\u001b[39m\n                    \u001b[0m명 참여\u001b[0m\n                  \u001b[36m</p>\u001b[39m\n                \u001b[36m</div>\u001b[39m\n              \u001b[36m</div>\u001b[39m\n            \u001b[36m</section>\u001b[39m\n          \u001b[36m</div>\u001b[39m\n        \u001b[36m</div>\u001b[39m\n      \u001b[36m</main>\u001b[39m\n    \u001b[36m</div>\u001b[39m\n  \u001b[36m</body>\u001b[39m\n\u001b[36m</html>\u001b[39m"],"location":{"line":169,"column":30}},{"ancestorTitles":["","HomePage"],"fullName":" HomePage should display error message when API call fails","status":"passed","title":"should display error message when API call fails","duration":29,"failureMessages":[]},{"ancestorTitles":["","HomePage"],"fullName":" HomePage should handle network errors gracefully","status":"passed","title":"should handle network errors gracefully","duration":28,"failureMessages":[]},{"ancestorTitles":["","HomePage - REQ-F-A2-Signup-1 (Header Integration)"],"fullName":" HomePage - REQ-F-A2-Signup-1 (Header Integration) nickname이 null일 때 헤더에 \"회원가입\" 버튼 표시","status":"passed","title":"nickname이 null일 때 헤더에 \"회원가입\" 버튼 표시","duration":48,"failureMessages":[]},{"ancestorTitles":["","HomePage - REQ-F-A2-Signup-1 (Header Integration)"],"fullName":" HomePage - REQ-F-A2-Signup-1 (Header Integration) nickname이 존재할 때 헤더에 \"회원가입\" 버튼 숨김","status":"passed","title":"nickname이 존재할 때 헤더에 \"회원가입\" 버튼 숨김","duration":18,"failureMessages":[]},{"ancestorTitles":["","HomePage - REQ-F-A2-Signup-1 (Header Integration)"],"fullName":" HomePage - REQ-F-A2-Signup-1 (Header Integration) 헤더에 플랫폼 이름이 표시됨","status":"passed","title":"헤더에 플랫폼 이름이 표시됨","duration":4,"failureMessages":[]},{"ancestorTitles":["","HomePage - REQ-F-A2-Signup-1 (Header Integration)"],"fullName":" HomePage - REQ-F-A2-Signup-1 (Header Integration) 캐시된 닉네임이 있을 때 즉시 회원가입 버튼을 숨김","status":"passed","title":"캐시된 닉네임이 있을 때 즉시 회원가입 버튼을 숨김","duration":27,"failureMessages":[]}],"startTime":1763821036638,"endTime":1763821041043,"status":"failed","message":"","name":"/workspace/src/frontend/src/pages/__tests__/HomePage.test.tsx"},{"assertionResults":[{"ancestorTitles":["","LoginPage"],"fullName":" LoginPage should render login page successfully","status":"passed","title":"should render login page successfully","duration":68,"failureMessages":[]},{"ancestorTitles":["","LoginPage"],"fullName":" LoginPage should display \"Samsung AD로 로그인\" button clearly","status":"passed","title":"should display \"Samsung AD로 로그인\" button clearly","duration":48,"failureMessages":[]},{"ancestorTitles":["","LoginPage"],"fullName":" LoginPage should redirect to SSO mock callback with default parameters when API mock is disabled","status":"passed","title":"should redirect to SSO mock callback with default parameters when API mock is disabled","duration":27,"failureMessages":[]},{"ancestorTitles":["","LoginPage"],"fullName":" LoginPage should include api_mock flag when backend mock mode is enabled","status":"passed","title":"should include api_mock flag when backend mock mode is enabled","duration":22,"failureMessages":[]},{"ancestorTitles":["","LoginPage"],"fullName":" LoginPage should have accessible button with proper aria attributes","status":"passed","title":"should have accessible button with proper aria attributes","duration":20,"failureMessages":[]},{"ancestorTitles":["","LoginPage"],"fullName":" LoginPage should have container with proper styling classes","status":"failed","title":"should have container with proper styling classes","duration":5,"failureMessages":["expect(element).toHaveClass(\"login-container\")\n\nExpected the element to have class:\n  login-container\nReceived:\n"],"location":{"line":132,"column":23}}],"startTime":1763821043611,"endTime":1763821043801,"status":"failed","message":"","name":"/workspace/src/frontend/src/pages/__tests__/LoginPage.test.tsx"},{"assertionResults":[{"ancestorTitles":["","NicknameSetupPage"],"fullName":" NicknameSetupPage renders nickname input field, check button, and next button","status":"passed","title":"renders nickname input field, check button, and next button","duration":95,"failureMessages":[]},{"ancestorTitles":["","NicknameSetupPage"],"fullName":" NicknameSetupPage keeps next button disabled initially","status":"passed","title":"keeps next button disabled initially","duration":34,"failureMessages":[]},{"ancestorTitles":["","NicknameSetupPage"],"fullName":" NicknameSetupPage shows available message when nickname is not taken","status":"passed","title":"shows available message when nickname is not taken","duration":131,"failureMessages":[]},{"ancestorTitles":["","NicknameSetupPage"],"fullName":" NicknameSetupPage re-disables next button when nickname changes after success","status":"passed","title":"re-disables next button when nickname changes after success","duration":112,"failureMessages":[]},{"ancestorTitles":["","NicknameSetupPage"],"fullName":" NicknameSetupPage shows taken message when nickname is already used","status":"failed","title":"shows taken message when nickname is already used","duration":1069,"failureMessages":["Unable to find an element with the text: /이미 사용 중인 닉네임입니다/i. This could be because the text is broken up by multiple elements. In this case, you can provide a function for your text matcher to make your matcher more flexible.\n\nIgnored nodes: comments, script, style\n\u001b[36m<body>\u001b[39m\n  \u001b[36m<div>\u001b[39m\n    \u001b[36m<main\u001b[39m\n      \u001b[33mclass\u001b[39m=\u001b[32m\"py-10 lg:py-14 nickname-setup-page\"\u001b[39m\n    \u001b[36m>\u001b[39m\n      \u001b[36m<div\u001b[39m\n        \u001b[33mclass\u001b[39m=\u001b[32m\"max-w-6xl mx-auto px-4 sm:px-6 lg:px-8 space-y-10 lg:space-y-14 nickname-setup-container\"\u001b[39m\n      \u001b[36m>\u001b[39m\n        \u001b[36m<h1\u001b[39m\n          \u001b[33mclass\u001b[39m=\u001b[32m\"page-title\"\u001b[39m\n        \u001b[36m>\u001b[39m\n          \u001b[0m닉네임 설정\u001b[0m\n        \u001b[36m</h1>\u001b[39m\n        \u001b[36m<p\u001b[39m\n          \u001b[33mclass\u001b[39m=\u001b[32m\"page-description\"\u001b[39m\n        \u001b[36m>\u001b[39m\n          \u001b[0m사용할 닉네임을 입력하고 중복 확인을 해주세요.\u001b[0m\n        \u001b[36m</p>\u001b[39m\n        \u001b[36m<section\u001b[39m\n          \u001b[33mclass\u001b[39m=\u001b[32m\"nickname-input-section\"\u001b[39m\n        \u001b[36m>\u001b[39m\n          \u001b[36m<h2\u001b[39m\n            \u001b[33mclass\u001b[39m=\u001b[32m\"section-title\"\u001b[39m\n          \u001b[36m>\u001b[39m\n            \u001b[0m닉네임 설정\u001b[0m\n          \u001b[36m</h2>\u001b[39m\n          \u001b[36m<div\u001b[39m\n            \u001b[33mclass\u001b[39m=\u001b[32m\"form-group\"\u001b[39m\n          \u001b[36m>\u001b[39m\n            \u001b[36m<label\u001b[39m\n              \u001b[33mclass\u001b[39m=\u001b[32m\"form-label\"\u001b[39m\n              \u001b[33mfor\u001b[39m=\u001b[32m\"nickname-input\"\u001b[39m\n            \u001
[...]
ne":37,"column":19}},{"ancestorTitles":["","GradeDistributionChart","Edge Cases"],"fullName":" GradeDistributionChart Edge Cases should clamp negative bar heights to zero","status":"passed","title":"should clamp negative bar heights to zero","duration":3,"failureMessages":[]},{"ancestorTitles":["","GradeDistributionChart","Edge Cases"],"fullName":" GradeDistributionChart Edge Cases should default NaN bar heights to zero","status":"passed","title":"should default NaN bar heights to zero","duration":3,"failureMessages":[]},{"ancestorTitles":["","GradeDistributionChart","Acceptance Criteria - REQ-F-B4-3"],"fullName":" GradeDistributionChart Acceptance Criteria - REQ-F-B4-3 should display grade distribution chart with all grades","status":"passed","title":"should display grade distribution chart with all grades","duration":38,"failureMessages":[]},{"ancestorTitles":["","GradeDistributionChart","Acceptance Criteria - REQ-F-B4-3"],"fullName":" GradeDistributionChart Acceptance Criteria - REQ-F-B4-3 should highlight user current position in chart","status":"passed","title":"should highlight user current position in chart","duration":4,"failureMessages":[]},{"ancestorTitles":["","GradeDistributionChart","Acceptance Criteria - REQ-F-B4-3"],"fullName":" GradeDistributionChart Acceptance Criteria - REQ-F-B4-3 should display text summary with rank and percentile","status":"passed","title":"should display text summary with rank and percentile","duration":8,"failureMessages":[]},{"ancestorTitles":["","GradeDistributionChart","Confidence Warning - REQ-F-B4-4"],"fullName":" GradeDistributionChart Confidence Warning - REQ-F-B4-4 should display confidence warning when cohort size < 100","status":"passed","title":"should display confidence warning when cohort size < 100","duration":7,"failureMessages":[]},{"ancestorTitles":["","GradeDistributionChart","Confidence Warning - REQ-F-B4-4"],"fullName":" GradeDistributionChart Confidence Warning - REQ-F-B4-4 should NOT display confidence warning when cohort size >= 100","status":"passed","title":"should NOT display confidence warning when cohort size >= 100","duration":6,"failureMessages":[]},{"ancestorTitles":["","GradeDistributionChart","Confidence Warning - REQ-F-B4-4"],"fullName":" GradeDistributionChart Confidence Warning - REQ-F-B4-4 should display cohort size in warning message","status":"passed","title":"should display cohort size in warning message","duration":6,"failureMessages":[]},{"ancestorTitles":["","GradeDistributionChart","Confidence Warning - REQ-F-B4-4"],"fullName":" GradeDistributionChart Confidence Warning - REQ-F-B4-4 should have prominent warning styling (CSS class)","status":"passed","title":"should have prominent warning styling (CSS class)","duration":5,"failureMessages":[]},{"ancestorTitles":["","GradeDistributionChart","Accessibility"],"fullName":" GradeDistributionChart Accessibility should have proper ARIA labels","status":"passed","title":"should have proper ARIA labels","duration":15,"failureMessages":[]},{"ancestorTitles":["","GradeDistributionChart","Accessibility"],"fullName":" GradeDistributionChart Accessibility should have descriptive text for screen readers","status":"passed","title":"should have descriptive text for screen readers","duration":3,"failureMessages":[]}],"startTime":1763821034265,"endTime":1763821034468,"status":"failed","message":"","name":"/workspace/src/frontend/src/components/TestResults/__tests__/GradeDistributionChart.test.tsx"},{"assertionResults":[{"ancestorTitles":["","SpecialBadge - REQ-F-B4-2 (특수 배지 컴포넌트)"],"fullName":" SpecialBadge - REQ-F-B4-2 (특수 배지 컴포넌트) renders Agent Specialist badge with text","status":"passed","title":"renders Agent Specialist badge with text","duration":19,"failureMessages":[]},{"ancestorTitles":["","SpecialBadge - REQ-F-B4-2 (특수 배지 컴포넌트)"],"fullName":" SpecialBadge - REQ-F-B4-2 (특수 배지 컴포넌트) applies correct CSS class for special badge","status":"passed","title":"applies correct CSS class for special badge","duration":3,"failureMessages":[]},{"ancestorTitles":["","SpecialBadge - REQ-F-B4-2 (특수 배지 컴포넌트)"],"fullName":" SpecialBadge - REQ-F-B4-2 (특수 배지 컴포넌트) displays icon for special badge","status":"passed","title":"displays icon for special badge","duration":2,"failureMessages":[]}],"startTime":1763821044856,"endTime":1763821044880,"status":"passed","message":"","name":"/workspace/src/frontend/src/components/TestResults/__tests__/SpecialBadge.test.tsx"},{"assertionResults":[{"ancestorTitles":["","Mock Transport - Nickname Validation (REQ-F-A2-5)","1. Length Validation Tests"],"fullName":" Mock Transport - Nickname Validation (REQ-F-A2-5) 1. Length Validation Tests POST /profile/nickname/check - 닉네임 너무 짧음 (2자)","status":"passed","title":"POST /profile/nickname/check - 닉네임 너무 짧음 (2자)","duration":3,"failureMessages":[]},{"ancestorTitles":["","Mock Transport - Nickname Validation (REQ-F-A2-5)","1. Length Validation Tests"],"fullName":" Mock Transport - Nickname Validation (REQ-F-A2-5) 1. Length Validation Tests POST /profile/nickname/check - 닉네임 너무 김 (31자)","status":"passed","title":"POST /profile/nickname/check - 닉네임 너무 김 (31자)","duration":1,"failureMessages":[]},{"ancestorTitles":["","Mock Transport - Nickname Validation (REQ-F-A2-5)","1. Length Validation Tests"],"fullName":" Mock Transport - Nickname Validation (REQ-F-A2-5) 1. Length Validation Tests POST /profile/nickname/check - 유효한 길이 (3자)","status":"passed","title":"POST /profile/nickname/check - 유효한 길이 (3자)","duration":1,"failureMessages":[]},{"ancestorTitles":["","Mock Transport - Nickname Validation (REQ-F-A2-5)","1. Length Validation Tests"],"fullName":" Mock Transport - Nickname Validation (REQ-F-A2-5) 1. Length Validation Tests POST /profile/nickname/check - 유효한 길이 (30자)","status":"passed","title":"POST /profile/nickname/check - 유효한 길이 (30자)","duration":1,"failureMessages":[]},{"ancestorTitles":["","Mock Transport - Nickname Validation (REQ-F-A2-5)","2. Format Validation Tests"],"fullName":" Mock Transport - Nickname Validation (REQ-F-A2-5) 2. Format Validation Tests POST /profile/nickname/check - 특수문자 포함 (@)","status":"passed","title":"POST /profile/nickname/check - 특수문자 포함 (@)","duration":2,"failureMessages":[]},{"ancestorTitles":["","Mock Transport - Nickname Validation (REQ-F-A2-5)","2. Format Validation Tests"],"fullName":" Mock Transport - Nickname Validation (REQ-F-A2-5) 2. Format Validation Tests POST /profile/nickname/check - 특수문자 포함 (-)","status":"passed","title":"POST /profile/nickname/check - 특수문자 포함 (-)","duration":1,"failureMessages":[]},{"ancestorTitles":["","Mock Transport - Nickname Validation (REQ-F-A2-5)","2. Format Validation Tests"],"fullName":" Mock Transport - Nickname Validation (REQ-F-A2-5) 2. Format Validation Tests POST /profile/nickname/check - 공백 포함","status":"passed","title":"POST /profile/nickname/check - 공백 포함","duration":1,"failureMessages":[]},{"ancestorTitles":["","Mock Transport - Nickname Validation (REQ-F-A2-5)","2. Format Validation Tests"],"fullName":" Mock Transport - Nickname Validation (REQ-F-A2-5) 2. Format Validation Tests POST /profile/nickname/check - 유효한 형식 (영문+숫자+언더스코어)","status":"passed","title":"POST /profile/nickname/check - 유효한 형식 (영문+숫자+언더스코어)","duration":2,"failureMessages":[]},{"ancestorTitles":["","Mock Transport - Nickname Validation (REQ-F-A2-5)","2. Format Validation Tests"],"fullName":" Mock Transport - Nickname Validation (REQ-F-A2-5) 2. Format Validation Tests POST /profile/nickname/check - 유효한 형식 (언더스코어만)","status":"passed","title":"POST /profile/nickname/check - 유효한 형식 (언더스코어만)","duration":1,"failureMessages":[]},{"ancestorTitles":["","Mock Transport - Nickname Validation (REQ-F-A2-5)","3. Banned Words Validation Tests (REQ-F-A2-5 핵심)"],"fullName":" Mock Transport - Nickname Validation (REQ-F-A2-5) 3. Banned Words Validation Tests (REQ-F-A2-5 핵심) POST /profile/nickname/check - 금칙어 exact match (admin)","status":"passed","title":"POST /profile/nickname/check - 금칙어 exact match (admin)","duration":2,"failureMessages":[]},{"ancestorTitles":["","Mock Transport - Nickname Validation (REQ-F-A2-5)","3. Banned Words Validation Tests (REQ-F-A2-5 핵심)"],"fullName":" Mock Transport - Nickname Validation (REQ-F-A2-5) 3. Banned Words Validation Tests (REQ-F-A2-5 핵심) POST /profile/nickname/check - 금칙어 exact match (root)","status":"passed","title":"POST /profile/nickname/check - 금칙어 exact match (root)","duration":1,"failureMessages":[]},{"ancestorTitles":["","Mock Transport - Nickname Validation (REQ-F-A2-5)","3. Banned Words Validation Tests (REQ-F-A2-5 핵심)"],"fullName":" Mock Transport - Nickname Validation (REQ-F-A2-5) 3. Banned Words Validation Tests (REQ-F-A2-5 핵심) POST /profile/nickname/check - 금칙어 exact match (moderator)","status":"passed","title":"POST /profile/nickname/check - 금칙어 exact match (moderator)","duration":1,"failureMessages":[]},{"ancestorTitles":["","Mock Transport - Nickname Validation (REQ-F-A2-5)","3. Banned Words Validation Tests (REQ-F-A2-5 핵심)"],"fullName":" Mock Transport - Nickname Validation (REQ-F-A2-5) 3. Banned Words Validation Tests (REQ-F-A2-5 핵심) POST /profile/nickname/check - 금칙어 exact match (bot)","status":"passed","title":"POST /profile/nickname/check - 금칙어 exact match (bot)","duration":1,"failureMessages":[]},{"ancestorTitles":["","Mock Transport - Nickname Validation (REQ-F-A2-5)","3. Banned Words Validation Tests (REQ-F-A2-5 핵심)"],"fullName":" Mock Transport - Nickname Validation (REQ-F-A2-5) 3. Banned Words Validation Tests (REQ-F-A2-5 핵심) POST /profile/nickname/check - 금칙어로 시작 (admin123)","status":"passed","title":"POST /profile/nickname/check - 금칙어로 시작 (admin123)","duration":2,"failureMessages":[]},{"ancestorTitles":["","Mock Transport - Nickname Validation (REQ-F-A2-5)","3. Banned Words Validation Tests (REQ-F-A2-5 핵심)"],"fullName":" Mock Transport - Nickname Validation (REQ-F-A2-5) 3. Banned Words Validation Tests (REQ-F-A2-5 핵심) POST /profile/nickname/check - 금칙어로 시작 (system_user)","status":"passed","title":"POST /profile/nickname/check - 금칙어로 시작 (system_user)","duration":1,"failureMessages":[]},{"ancestorTitles":["","Mock Transport - Nickname Validation (REQ-F-A2-5)","3. Banned Words Validation Tests (REQ-F-A2-5 핵심)"],"fullName":" Mock Transport - Nickname Validation (REQ-F-A2-5) 3. Banned Words Validation Tests (REQ-F-A2-5 핵심) POST /profile/nickname/check - 대소문자 무관 (ADMIN)","status":"passed","title":"POST /profile/nickname/check - 대소문자 무관 (ADMIN)","duration":1,"failureMessages":[]},{"ancestorTitles":["","Mock Transport - Nickname Validation (REQ-F-A2-5)","3. Banned Words Validation Tests (REQ-F-A2-5 핵심)"],"fullName":" Mock Transport - Nickname Validation (REQ-F-A2-5) 3. Banned Words Validation Tests (REQ-F-A2-5 핵심) POST /profile/nickname/check - 대소문자 무관 (Admin)","status":"passed","title":"POST /profile/nickname/check - 대소문자 무관 (Admin)","duration":2,"failureMessages":[]},{"ancestorTitles":["","Mock Transport - Nickname Validation (REQ-F-A2-5)","3. Banned Words Validation Tests (REQ-F-A2-5 핵심)"],"fullName":" Mock Transport - Nickname Validation (REQ-F-A2-5) 3. Banned Words Validation Tests (REQ-F-A2-5 핵심) POST /profile/nickname/check - 여러 금칙어 테스트","status":"passed","title":"POST /profile/nickname/check - 여러 금칙어 테스트","duration":5,"failureMessages":[]},{"ancestorTitles":["","Mock Transport - Nickname Validation (REQ-F-A2-5)","4. Integration Tests"],"fullName":" Mock Transport - Nickname Validation (REQ-F-A2-5) 4. Integration Tests POST /profile/nickname/check - 유효한 닉네임 + 중복 없음","status":"passed","title":"POST /profile/nickname/check - 유효한 닉네임 + 중복 없음","duration":1,"failureMessages":[]},{"ancestorTitles":["","Mock Transport - Nickname Validation (REQ-F-A2-5)","4. Integration Tests"],"fullName":" Mock Transport - Nickname Validation (REQ-F-A2-5) 4. Integration Tests POST /profile/nickname/check - 유효한 닉네임 + 중복 있음","status":"passed","title":"POST /profile/nickname/check - 유효한 닉네임 + 중복 있음","duration":1,"failureMessages":[]},{"ancestorTitles":["","Mock Transport - Nickname Validation (REQ-F-A2-5)","4. Integration Tests"],"fullName":" Mock Transport - Nickname Validation (REQ-F-A2-5) 4. Integration Tests POST /profile/nickname/check - 유효한 닉네임 + 중복 있음 (existing_user)","status":"passed","title":"POST /profile/nickname/check - 유효한 닉네임 + 중복 있음 (existing_user)","duration":2,"failureMessages":[]},{"ancestorTitles":["","Mock Transport - Nickname Validation (REQ-F-A2-5)","5. Register Endpoint Tests"],"fullName":" Mock Transport - Nickname Validation (REQ-F-A2-5) 5. Register Endpoint Tests POST /profile/register - 금칙어 등록 시도 (admin)","status":"passed","title":"POST /profile/register - 금칙어 등록 시도 (admin)","duration":1,"failureMessages":[]},{"ancestorTitles":["","Mock Transport - Nickname Validation (REQ-F-A2-5)","5. Register Endpoint Tests"],"fullName":" Mock Transport - Nickname Validation (REQ-F-A2-5) 5. Register Endpoint Tests POST /profile/register - 금칙어로 시작하는 닉네임 등록 시도","status":"passed","title":"POST /profile/register - 금칙어로 시작하는 닉네임 등록 시도","duration":1,"failureMessages":[]},{"ancestorTitles":["","Mock Transport - Nickname Validation (REQ-F-A2-5)","5. Register Endpoint Tests"],"fullName":" Mock Transport - Nickname Validation (REQ-F-A2-5) 5. Register Endpoint Tests POST /profile/register - 너무 짧은 닉네임 등록 시도","status":"passed","title":"POST /profile/register - 너무 짧은 닉네임 등록 시도","duration":2,"failureMessages":[]},{"ancestorTitles":["","Mock Transport - Nickname Validation (REQ-F-A2-5)","5. Register Endpoint Tests"],"fullName":" Mock Transport - Nickname Validation (REQ-F-A2-5) 5. Register Endpoint Tests POST /profile/register - 특수문자 포함 닉네임 등록 시도","status":"passed","title":"POST /profile/register - 특수문자 포함 닉네임 등록 시도","duration":1,"failureMessages":[]},{"ancestorTitles":["","Mock Transport - Nickname Validation (REQ-F-A2-5)","5. Register Endpoint Tests"],"fullName":" Mock Transport - Nickname Validation (REQ-F-A2-5) 5. Register Endpoint Tests POST /profile/register - 유효한 닉네임 등록 성공","status":"passed","title":"POST /profile/register - 유효한 닉네임 등록 성공","duration":2,"failureMessages":[]},{"ancestorTitles":["","Mock Transport - Nickname Validation (REQ-F-A2-5)","6. Error Message Clarity Tests (REQ-F-A2-5 Acceptance)"],"fullName":" Mock Transport - Nickname Validation (REQ-F-A2-5) 6. Error Message Clarity Tests (REQ-F-A2-5 Acceptance) 금칙어 거부 시 명확한 사유 제공 - exact match","status":"passed","title":"금칙어 거부 시 명확한 사유 제공 - exact match","duration":1,"failureMessages":[]},{"ancestorTitles":["","Mock Transport - Nickname Validation (REQ-F-A2-5)","6. Error Message Clarity Tests (REQ-F-A2-5 Acceptance)"],"fullName":" Mock Transport - Nickname Validation (REQ-F-A2-5) 6. Error Message Clarity Tests (REQ-F-A2-5 Acceptance) 금칙어 거부 시 명확한 사유 제공 - starts with","status":"passed","title":"금칙어 거부 시 명확한 사유 제공 - starts with","duration":2,"failureMessages":[]},{"ancestorTitles":["","Mock Transport - Nickname Validation (REQ-F-A2-5)","6. Error Message Clarity Tests (REQ-F-A2-5 Acceptance)"],"fullName":" Mock Transport - Nickname Validation (REQ-F-A2-5) 6. Error Message Clarity Tests (REQ-F-A2-5 Acceptance) 형식 오류 시 명확한 사유 제공","status":"passed","title":"형식 오류 시 명확한 사유 제공","duration":1,"failureMessages":[]}],"startTime":1763821035963,"endTime":1763821036009,"status":"passed","message":"","name":"/workspace/src/frontend/src/lib/transport/__tests__/mockTransport.nickname.test.ts"},{"assertionResults":[{"ancestorTitles":["","Mock Transport - /profile/survey endpoint"],"fullName":" Mock Transport - /profile/survey endpoint PUT /profile/survey with valid level (beginner)","status":"passed","title":"PUT /profile/survey with valid level (beginner)","duration":3,"failureMessages":[]},{"ancestorTitles":["","Mock Transport - /profile/survey endpoint"],"fullName":" Mock Transport - /profile/survey endpoint PUT /profile/survey with valid level (intermediate)","status":"passed","title":"PUT /profile/survey with valid level (intermediate)","duration":1,"failureMessages":[]},{"ancestorTitles":["","Mock Transport - /profile/survey endpoint"],"fullName":" Mock Transport - /profile/survey endpoint PUT /profile/survey with valid level (advanced)","status":"passed","title":"PUT /profile/survey with valid level (advanced)","duration":2,"failureMessages":[]},{"ancestorTitles":["","Mock Transport - /profile/survey endpoint"],"fullName":" Mock Transport - /profile/survey endpoint PUT /profile/survey with invalid level throws error","status":"passed","title":"PUT /profile/survey with invalid level throws error","duration":2,"failureMessages":[]},{"ancestorTitles":["","Mock Transport - /profile/survey endpoint"],"fullName":" Mock Transport - /profile/survey endpoint PUT /profile/survey with valid career (0-60)","status":"passed","title":"PUT /profile/survey with valid career (0-60)","duration":1,"failureMessages":[]},{"ancestorTitles":["","Mock Transport - /profile/survey endpoint"],"fullName":" Mock Transport - /profile/survey endpoint PUT /profile/survey with career < 0 throws error","status":"passed","title":"PUT /profile/survey with career < 0 throws error","duration":1,"failureMessages":[]},{"ancestorTitles":["","Mock Transport - /profile/survey endpoint"],"fullName":" Mock Transport - /profile/survey endpoint PUT /profile/survey with career > 60 throws error","status":"passed","title":"PUT /profile/survey with career > 60 throws error","duration":2,"failureMessages":[]},{"ancestorTitles":["","Mock Transport - /profile/survey endpoint"],"fullName":" Mock Transport - /profile/survey endpoint PUT /profile/survey with valid job_role","status":"passed","title":"PUT /profile/survey with valid job_role","duration":1,"failureMessages":[]},{"ancestorTitles":["","Mock Transport - /profile/survey endpoint"],"fullName":" Mock Transport - /profile/survey endpoint PUT /profile/survey with job_role > 100 chars throws error","status":"passed","title":"PUT /profile/survey with job_role > 100 chars throws error","duration":1,"failureMessages":[]},{"ancestorTitles":["","Mock Transport - /profile/survey endpoint"],"fullName":" Mock Transport - /profile/survey endpoint PUT /profile/survey with valid duty","status":"passed","title":"PUT /profile/survey with valid duty","duration":2,"failureMessages":[]},{"ancestorTitles":["","Mock Transport - /profile/survey endpoint"],"fullName":" Mock Transport - /profile/survey endpoint PUT /profile/survey with duty > 500 chars throws error","status":"passed","title":"PUT /profile/survey with duty > 500 chars throws error","duration":1,"failureMessages":[]},{"ancestorTitles":["","Mock Transport - /profile/survey endpoint"],"fullName":" Mock Transport - /profile/survey endpoint PUT /profile/survey with valid interests array","status":"passed","title":"PUT /profile/survey with valid interests array","duration":1,"failureMessages":[]},{"ancestorTitles":["","Mock Transport - /profile/survey endpoint"],"fullName":" Mock Transport - /profile/survey endpoint PUT /profile/survey with interests > 20 items throws error","status":"passed","title":"PUT /profile/survey with interests > 20 items throws error","duration":0,"failureMessages":[]},{"ancestorTitles":["","Mock Transport - /profile/survey endpoint"],"fullName":" Mock Transport - /profile/survey endpoint PUT /profile/survey with all fields","status":"passed","title":"PUT /profile/survey with all fields","duration":2,"failureMessages":[]},{"ancestorTitles":["","Mock Transport - /profile/survey endpoint"],"fullName":" Mock Transport - /profile/survey endpoint setMockScenario(\"has-survey\") sets survey data","status":"passed","title":"setMockScenario(\"has-survey\") sets survey data","duration":0,"failureMessages":[]},{"ancestorTitles":["","Mock Transport - /profile/survey endpoint"],"fullName":" Mock Transport - /profile/survey endpoint setMockScenario(\"no-survey\") clears survey data","status":"passed","title":"setMockScenario(\"no-survey\") clears survey data","duration":0,"failureMessages":[]}],"startTime":1763821042982,"endTime":1763821043002,"status":"passed","message":"","name":"/workspace/src/frontend/src/lib/transport/__tests__/mockTransport.survey.test.ts"}]}